opened Videos/test.flv on Fri Mar 25 21:12:40 2011

Changed to input 1 on Fri Mar 25 21:12:55 2011

played Videos/test.flv on Fri Mar 25 21:12:55 2011

opened Videos/test.flv on Sun May 8 12:22:29 2011

Changed to input 1 on Sun May 8 12:22:41 2011

played Videos/test.flv on Sun May 8 12:22:41 2011

Changed to input 3 on Sun May 8 12:23:48 2011

Changed to input 3 on Sun May 8 12:28:23 2011

Changed to input 3 on Sun May 8 12:29:17 2011

opened Videos/test.flv on Thu May 26 13:18:01 2011

Changed to input 1 on Thu May 26 13:18:13 2011

played Videos/test.flv on Thu May 26 13:18:13 2011

Changed to input 3 on Thu May 26 13:19:20 2011

opened Videos/test.flv on Thu May 26 13:59:35 2011

Changed to input 1 on Thu May 26 13:59:50 2011

played Videos/test.flv on Thu May 26 13:59:50 2011

Changed to input 3 on Thu May 26 14:00:57 2011

Changed to input 3 on Thu May 26 14:02:34 2011

Changed to input 3 on Fri May 27 22:07:28 2011

Changed to input 3 on Fri May 27 22:07:36 2011

Changed to input 3 on Fri May 27 22:28:02 2011

Changed to input 3 on Fri May 27 22:50:25 2011

Changed to input 3 on Fri May 27 22:51:04 2011

Changed to input 3 on Fri May 27 23:02:40 2011

Changed to input 3 on Sat May 28 07:12:34 2011

opened Videos/Worship_110528.mpg on Sat Jun 4 19:29:11 2011

Changed to input 1 on Sat Jun 4 19:29:24 2011

played Videos/Worship_110528.mpg on Sat Jun 4 19:29:24 2011

Changed to input 3 on Sat Jun 4 19:30:41 2011

Changed to input 3 on Tue Aug 30 15:26:44 2011

Changed to input 3 on Fri Oct 7 10:40:03 2011

opened Videos/encode.mp4 on Sun Nov 13 19:47:45 2011

Changed to input 1 on Sun Nov 13 19:48:00 2011

played Videos/encode.mp4 on Sun Nov 13 19:48:00 2011

Changed to input 3 on Sun Nov 13 19:48:05 2011

opened Videos/test.mp4 on Sun Nov 13 19:52:27 2011

Changed to input 1 on Sun Nov 13 19:52:29 2011

paused Videos/test.mp4 on Sun Nov 13 19:52:29 2011

Changed to input 3 on Sun Nov 13 19:53:15 2011

Changed to input 3 on Mon Nov 14 09:23:33 2011

Changed to input 3 on Tue Nov 15 09:26:28 2011

Changed to input 3 on Tue Nov 15 09:26:49 2011

Changed to input 3 on Tue Nov 15 09:27:36 2011

Changed to input 3 on Tue Nov 15 09:27:39 2011

Changed to input 3 on Tue Nov 15 09:28:47 2011

Changed to input 3 on Tue Nov 15 09:28:49 2011

Changed to input 3 on Tue Nov 15 09:31:28 2011

Changed to input 3 on Tue Nov 15 09:33:21 2011

Changed to input 3 on Tue Nov 15 09:34:07 2011

Changed to input 3 on Tue Nov 15 09:35:30 2011

Changed to input 3 on Wed Nov 16 08:11:55 2011

opened Videos/Foods_For_Thought_spot.wmv on Wed Nov 16 08:38:19 2011

Changed to input 3 on Wed Nov 16 08:40:28 2011

Changed to input 3 on Wed Nov 16 08:41:34 2011

Changed to input 3 on Wed Nov 16 09:10:11 2011

Changed to input 3 on Wed Nov 16 11:57:30 2011

Changed to input 4 on Wed Nov 16 11:57:42 2011

Changed to input 3 on Wed Nov 16 11:57:52 2011

Changed to input 4 on Wed Nov 16 11:59:02 2011

Changed to input 3 on Wed Nov 16 11:59:39 2011

Changed to input 4 on Wed Nov 16 11:59:56 2011

Changed to input 3 on Wed Nov 16 12:00:30 2011

Changed to input 3 on Fri Nov 18 18:07:46 2011

opened Videos/IHW_111116.mp4 on Fri Nov 18 18:59:45 2011

Changed to input 1 on Fri Nov 18 19:00:00 2011

played Videos/IHW_111116.mp4 on Fri Nov 18 19:00:00 2011

Changed to input 3 on Fri Nov 18 19:28:33 2011

Changed to input 3 on Sat Nov 19 12:23:02 2011

opened Videos/Worship_111119.mp4 on Sat Nov 19 15:59:45 2011

Changed to input 1 on Sat Nov 19 16:00:00 2011

played Videos/Worship_111119.mp4 on Sat Nov 19 16:00:00 2011

Changed to input 3 on Sat Nov 19 16:58:36 2011

opened Videos/Worship_111119.mp4 on Sun Nov 20 09:59:45 2011

Changed to input 1 on Sun Nov 20 10:00:00 2011

played Videos/Worship_111119.mp4 on Sun Nov 20 10:00:00 2011

Changed to input 3 on Sun Nov 20 10:58:36 2011

opened Videos/Worship_111119.mp4 on Mon Nov 21 22:59:45 2011

Changed to input 1 on Mon Nov 21 23:00:00 2011

played Videos/Worship_111119.mp4 on Mon Nov 21 23:00:00 2011

Changed to input 3 on Mon Nov 21 23:58:36 2011

Changed to input 3 on Sat Nov 26 11:46:45 2011

opened Videos/Worship_111126.mp4 on Sat Nov 26 15:59:46 2011

Changed to input 1 on Sat Nov 26 16:00:00 2011

played Videos/Worship_111126.mp4 on Sat Nov 26 16:00:00 2011

Changed to input 3 on Sat Nov 26 16:58:42 2011

opened Videos/Worship_111126.mp4 on Sun Nov 27 09:59:45 2011

Changed to input 1 on Sun Nov 27 10:00:00 2011

played Videos/Worship_111126.mp4 on Sun Nov 27 10:00:00 2011

Changed to input 3 on Sun Nov 27 10:58:42 2011

opened Videos/Worship_111126.mp4 on Mon Nov 28 22:59:45 2011

Changed to input 1 on Mon Nov 28 23:00:00 2011

played Videos/Worship_111126.mp4 on Mon Nov 28 23:00:00 2011

Changed to input 3 on Mon Nov 28 23:58:42 2011

opened Videos/IHW_111130.mp4 on Fri Dec 2 18:59:45 2011

Changed to input 1 on Fri Dec 2 19:00:00 2011

played Videos/IHW_111130.mp4 on Fri Dec 2 19:00:00 2011

Changed to input 3 on Fri Dec 2 19:28:32 2011

opened Videos/Worship_110917.m4v on Sat Dec 3 15:59:45 2011

Changed to input 1 on Sat Dec 3 16:00:00 2011

played Videos/Worship_110917.m4v on Sat Dec 3 16:00:00 2011

Changed to input 3 on Sat Dec 3 16:00:00 2011

opened Videos/Worship_110917.m4v on Sun Dec 4 09:59:45 2011

Changed to input 1 on Sun Dec 4 10:00:00 2011

played Videos/Worship_110917.m4v on Sun Dec 4 10:00:00 2011

Changed to input 3 on Sun Dec 4 10:00:00 2011

opened Videos/Worship_110917.m4v on Mon Dec 5 22:59:45 2011

Changed to input 1 on Mon Dec 5 23:00:00 2011

played Videos/Worship_110917.m4v on Mon Dec 5 23:00:00 2011

Changed to input 3 on Mon Dec 5 23:00:00 2011

opened Videos/IHW_110629.mp4 on Fri Dec 9 18:59:45 2011

Changed to input 1 on Fri Dec 9 19:00:00 2011

played Videos/IHW_110629.mp4 on Fri Dec 9 19:00:00 2011

Changed to input 3 on Fri Dec 9 19:28:33 2011

Changed to input 3 on Sat Dec 10 12:04:46 2011

opened Videos/Worship_111210.mp4 on Sat Dec 10 15:59:45 2011

Changed to input 1 on Sat Dec 10 16:00:00 2011

played Videos/Worship_111210.mp4 on Sat Dec 10 16:00:00 2011

Changed to input 3 on Sat Dec 10 16:58:36 2011

opened Videos/Worship_111210.mp4 on Sun Dec 11 09:59:45 2011

Changed to input 1 on Sun Dec 11 10:00:00 2011

played Videos/Worship_111210.mp4 on Sun Dec 11 10:00:00 2011

Changed to input 3 on Sun Dec 11 10:58:36 2011

opened Videos/Worship_111210.mp4 on Mon Dec 12 22:59:45 2011

Changed to input 1 on Mon Dec 12 23:00:00 2011

played Videos/Worship_111210.mp4 on Mon Dec 12 23:00:00 2011

Changed to input 3 on Mon Dec 12 23:58:36 2011

opened Videos/IHW_110720.mp4 on Fri Dec 16 18:59:45 2011

Changed to input 1 on Fri Dec 16 19:00:00 2011

played Videos/IHW_110720.mp4 on Fri Dec 16 19:00:00 2011

Changed to input 3 on Fri Dec 16 19:28:32 2011

opened Videos/Worship_111217.mp4 on Sat Dec 17 15:59:45 2011

Changed to input 1 on Sat Dec 17 16:00:00 2011

played Videos/Worship_111217.mp4 on Sat Dec 17 16:00:00 2011

Changed to input 3 on Sat Dec 17 16:58:36 2011

opened Videos/Worship_111217.mp4 on Sun Dec 18 09:59:45 2011

Changed to input 1 on Sun Dec 18 10:00:00 2011

played Videos/Worship_111217.mp4 on Sun Dec 18 10:00:00 2011

Changed to input 3 on Sun Dec 18 10:58:36 2011

opened Videos/Worship_111217.mp4 on Mon Dec 19 22:59:45 2011

Changed to input 1 on Mon Dec 19 23:00:00 2011

played Videos/Worship_111217.mp4 on Mon Dec 19 23:00:00 2011

Changed to input 3 on Mon Dec 19 23:58:36 2011

opened Videos/Worship_111224.mp4 on Sat Dec 24 15:59:45 2011

Changed to input 1 on Sat Dec 24 16:00:00 2011

played Videos/Worship_111224.mp4 on Sat Dec 24 16:00:00 2011

Changed to input 3 on Sat Dec 24 16:58:36 2011

opened Videos/Worship_111224.mp4 on Sun Dec 25 09:59:45 2011

Changed to input 1 on Sun Dec 25 10:00:00 2011

played Videos/Worship_111224.mp4 on Sun Dec 25 10:00:00 2011

Changed to input 3 on Sun Dec 25 10:58:36 2011

opened Videos/Worship_111224.mp4 on Mon Dec 26 22:59:45 2011

Changed to input 1 on Mon Dec 26 23:00:00 2011

played Videos/Worship_111224.mp4 on Mon Dec 26 23:00:00 2011

Changed to input 3 on Mon Dec 26 23:58:36 2011

opened Videos/IHW_111228.mp4 on Fri Dec 30 18:59:46 2011

Changed to input 1 on Fri Dec 30 19:00:00 2011

played Videos/IHW_111228.mp4 on Fri Dec 30 19:00:00 2011

Changed to input 3 on Fri Dec 30 19:28:32 2011

opened Videos/Worship_111231.mp4 on Sun Jan 1 09:59:45 2012

Changed to input 1 on Sun Jan 1 10:00:00 2012

played Videos/Worship_111231.mp4 on Sun Jan 1 10:00:00 2012

Changed to input 3 on Sun Jan 1 10:58:33 2012

opened Videos/Worship_111231.mp4 on Mon Jan 2 22:59:45 2012

Changed to input 1 on Mon Jan 2 23:00:00 2012

played Videos/Worship_111231.mp4 on Mon Jan 2 23:00:00 2012

Changed to input 3 on Mon Jan 2 23:58:33 2012

opened Videos/Worship_120114.mp4 on Sat Jan 14 15:59:45 2012

Changed to input 1 on Sat Jan 14 16:00:00 2012

played Videos/Worship_120114.mp4 on Sat Jan 14 16:00:00 2012

Changed to input 3 on Sat Jan 14 16:58:36 2012

opened Videos/Worship_120114.mp4 on Sun Jan 15 09:59:45 2012

Changed to input 1 on Sun Jan 15 10:00:00 2012

played Videos/Worship_120114.mp4 on Sun Jan 15 10:00:00 2012

Changed to input 3 on Sun Jan 15 10:58:36 2012

opened Videos/Worship_120114.mp4 on Mon Jan 16 22:59:45 2012

Changed to input 1 on Mon Jan 16 23:00:00 2012

played Videos/Worship_120114.mp4 on Mon Jan 16 23:00:00 2012

Changed to input 3 on Mon Jan 16 23:58:36 2012

opened Videos/Worship_120128.mp4 on Sat Jan 28 15:59:46 2012

Changed to input 1 on Sat Jan 28 16:00:00 2012

played Videos/Worship_120128.mp4 on Sat Jan 28 16:00:00 2012

Changed to input 3 on Sat Jan 28 16:58:38 2012

opened Videos/Worship_120128.mp4 on Sun Jan 29 09:59:45 2012

Changed to input 1 on Sun Jan 29 10:00:00 2012

played Videos/Worship_120128.mp4 on Sun Jan 29 10:00:00 2012

Changed to input 3 on Sun Jan 29 10:58:38 2012

opened Videos/Worship_120128.mp4 on Mon Jan 30 22:59:45 2012

Changed to input 1 on Mon Jan 30 23:00:00 2012

played Videos/Worship_120128.mp4 on Mon Jan 30 23:00:00 2012

Changed to input 3 on Mon Jan 30 23:58:38 2012

opened Videos/Worship_120204.mp4 on Sat Feb 4 15:59:45 2012

Changed to input 1 on Sat Feb 4 16:00:00 2012

played Videos/Worship_120204.mp4 on Sat Feb 4 16:00:00 2012

Changed to input 3 on Sat Feb 4 16:58:36 2012

opened Videos/Worship_120204.mp4 on Sun Feb 5 09:59:45 2012

Changed to input 1 on Sun Feb 5 10:00:00 2012

played Videos/Worship_120204.mp4 on Sun Feb 5 10:00:00 2012

Changed to input 3 on Sun Feb 5 10:58:36 2012

opened Videos/Worship_120204.mp4 on Mon Feb 6 22:59:45 2012

Changed to input 1 on Mon Feb 6 23:00:00 2012

played Videos/Worship_120204.mp4 on Mon Feb 6 23:00:00 2012

Changed to input 3 on Mon Feb 6 23:58:36 2012

opened Videos/Worship_120211.mp4 on Sat Feb 11 15:59:45 2012

Changed to input 1 on Sat Feb 11 16:00:00 2012

played Videos/Worship_120211.mp4 on Sat Feb 11 16:00:00 2012

Changed to input 3 on Sat Feb 11 16:58:36 2012

opened Videos/Worship_120211.mp4 on Sun Feb 12 09:59:45 2012

Changed to input 1 on Sun Feb 12 10:00:00 2012

played Videos/Worship_120211.mp4 on Sun Feb 12 10:00:00 2012

Changed to input 3 on Sun Feb 12 10:58:36 2012

opened Videos/Worship_120211.mp4 on Mon Feb 13 22:59:45 2012

Changed to input 1 on Mon Feb 13 23:00:00 2012

played Videos/Worship_120211.mp4 on Mon Feb 13 23:00:00 2012

Changed to input 3 on Mon Feb 13 23:58:36 2012

opened Videos/Worship_120218.mp4 on Sat Feb 18 15:59:45 2012

Changed to input 1 on Sat Feb 18 16:00:00 2012

played Videos/Worship_120218.mp4 on Sat Feb 18 16:00:00 2012

Changed to input 3 on Sat Feb 18 16:58:37 2012

opened Videos/Worship_120218.mp4 on Sun Feb 19 09:59:45 2012

Changed to input 1 on Sun Feb 19 10:00:00 2012

played Videos/Worship_120218.mp4 on Sun Feb 19 10:00:00 2012

Changed to input 3 on Sun Feb 19 10:58:37 2012

opened Videos/Worship_120218.mp4 on Mon Feb 20 22:59:45 2012

Changed to input 1 on Mon Feb 20 23:00:00 2012

played Videos/Worship_120218.mp4 on Mon Feb 20 23:00:00 2012

Changed to input 3 on Mon Feb 20 23:58:37 2012

opened Videos/Worship_120225.mp4 on Sat Feb 25 15:59:45 2012

Changed to input 1 on Sat Feb 25 16:00:00 2012

played Videos/Worship_120225.mp4 on Sat Feb 25 16:00:00 2012

Changed to input 3 on Sat Feb 25 16:58:38 2012

opened Videos/Worship_120225.mp4 on Sun Feb 26 09:59:45 2012

Changed to input 1 on Sun Feb 26 10:00:00 2012

played Videos/Worship_120225.mp4 on Sun Feb 26 10:00:00 2012

Changed to input 3 on Sun Feb 26 10:58:38 2012

opened Videos/Worship_120225.mp4 on Mon Feb 27 22:59:45 2012

Changed to input 1 on Mon Feb 27 23:00:00 2012

played Videos/Worship_120225.mp4 on Mon Feb 27 23:00:00 2012

Changed to input 3 on Mon Feb 27 23:58:38 2012

opened Videos/Worship_120303.mp4 on Sat Mar 3 15:59:45 2012

Changed to input 1 on Sat Mar 3 16:00:00 2012

played Videos/Worship_120303.mp4 on Sat Mar 3 16:00:00 2012

Changed to input 4 on Sat Mar 3 16:34:33 2012

Changed to input 3 on Sat Mar 3 16:58:36 2012

opened Videos/Worship_120303.mp4 on Sun Mar 4 09:59:45 2012

Changed to input 1 on Sun Mar 4 10:00:00 2012

played Videos/Worship_120303.mp4 on Sun Mar 4 10:00:00 2012

Changed to input 3 on Sun Mar 4 10:58:36 2012

opened Videos/Worship_120303.mp4 on Mon Mar 5 22:59:45 2012

Changed to input 1 on Mon Mar 5 23:00:00 2012

played Videos/Worship_120303.mp4 on Mon Mar 5 23:00:00 2012

Changed to input 3 on Mon Mar 5 23:58:36 2012

opened Videos/Worship_120310.mp4 on Sat Mar 10 15:59:45 2012

Changed to input 1 on Sat Mar 10 16:00:00 2012

played Videos/Worship_120310.mp4 on Sat Mar 10 16:00:00 2012

Changed to input 3 on Sat Mar 10 16:58:36 2012

opened Videos/Worship_120310.mp4 on Sun Mar 11 09:59:45 2012

Changed to input 1 on Sun Mar 11 10:00:00 2012

played Videos/Worship_120310.mp4 on Sun Mar 11 10:00:00 2012

Changed to input 3 on Sun Mar 11 10:58:36 2012

opened Videos/Worship_120310.mp4 on Mon Mar 12 22:59:45 2012

Changed to input 1 on Mon Mar 12 23:00:00 2012

played Videos/Worship_120310.mp4 on Mon Mar 12 23:00:00 2012

Changed to input 3 on Mon Mar 12 23:58:36 2012

opened Videos/IHW_120314.mp4 on Fri Mar 16 18:59:45 2012

Changed to input 1 on Fri Mar 16 19:00:00 2012

played Videos/IHW_120314.mp4 on Fri Mar 16 19:00:00 2012

Changed to input 3 on Fri Mar 16 19:28:33 2012

opened Videos/Worship_120317.mp4 on Sat Mar 17 15:59:45 2012

Changed to input 1 on Sat Mar 17 16:00:00 2012

played Videos/Worship_120317.mp4 on Sat Mar 17 16:00:00 2012

Changed to input 3 on Sat Mar 17 16:58:36 2012

opened Videos/Worship_120317.mp4 on Sun Mar 18 09:59:45 2012

Changed to input 1 on Sun Mar 18 10:00:00 2012

played Videos/Worship_120317.mp4 on Sun Mar 18 10:00:00 2012

Changed to input 3 on Sun Mar 18 10:58:36 2012

opened Videos/Worship_120317.mp4 on Mon Mar 19 22:59:45 2012

Changed to input 1 on Mon Mar 19 23:00:00 2012

played Videos/Worship_120317.mp4 on Mon Mar 19 23:00:00 2012

Changed to input 3 on Mon Mar 19 23:58:36 2012

Changed to input 3 on Fri Mar 23 13:27:14 2012

Changed to input 3 on Fri Mar 23 14:57:18 2012

opened Videos/IHW_120321.mp4 on Fri Mar 23 18:59:45 2012

Changed to input 1 on Fri Mar 23 19:00:00 2012

played Videos/IHW_120321.mp4 on Fri Mar 23 19:00:00 2012

Changed to input 3 on Fri Mar 23 19:28:33 2012

opened Videos/Worship_120324.mp4 on Sat Mar 24 15:59:45 2012

Changed to input 1 on Sat Mar 24 16:00:00 2012

played Videos/Worship_120324.mp4 on Sat Mar 24 16:00:00 2012

Changed to input 3 on Sat Mar 24 16:58:51 2012

opened Videos/Worship_120324.mp4 on Sun Mar 25 09:59:45 2012

Changed to input 1 on Sun Mar 25 10:00:00 2012

played Videos/Worship_120324.mp4 on Sun Mar 25 10:00:00 2012

Changed to input 3 on Sun Mar 25 10:58:51 2012

opened Videos/Worship_120324.mp4 on Mon Mar 26 22:59:45 2012

Changed to input 1 on Mon Mar 26 23:00:00 2012

played Videos/Worship_120324.mp4 on Mon Mar 26 23:00:00 2012

Changed to input 3 on Mon Mar 26 23:58:51 2012

Changed to input 3 on Sat Mar 31 12:39:59 2012

opened Videos/Worship_120331.mp4 on Sun Apr 1 09:59:46 2012

Changed to input 1 on Sun Apr 1 10:00:00 2012

played Videos/Worship_120331.mp4 on Sun Apr 1 10:00:00 2012

Changed to input 1 on Sun Apr 1 10:06:34 2012

Changed to input 3 on Sun Apr 1 10:06:53 2012

Changed to input 3 on Sun Apr 1 10:20:37 2012

Changed to input 3 on Tue Apr 3 19:51:50 2012

opened Videos/GO_366.mp4 on Fri Apr 6 23:29:45 2012

Changed to input 1 on Fri Apr 6 23:30:00 2012

played Videos/GO_366.mp4 on Fri Apr 6 23:30:00 2012

Changed to input 3 on Fri Apr 6 23:58:29 2012

opened Videos/Worship_120331.mp4 on Sat Apr 7 15:59:45 2012

Changed to input 1 on Sat Apr 7 16:00:00 2012

played Videos/Worship_120331.mp4 on Sat Apr 7 16:00:00 2012

Changed to input 3 on Sat Apr 7 16:59:13 2012

opened Videos/Worship_120331.mp4 on Sun Apr 8 09:59:45 2012

Changed to input 1 on Sun Apr 8 10:00:00 2012

played Videos/Worship_120331.mp4 on Sun Apr 8 10:00:00 2012

Changed to input 3 on Sun Apr 8 10:59:13 2012

opened Videos/GO_392.mp4 on Mon Apr 9 15:59:45 2012

Changed to input 1 on Mon Apr 9 16:00:00 2012

played Videos/GO_392.mp4 on Mon Apr 9 16:00:00 2012

Changed to input 3 on Mon Apr 9 16:28:29 2012

opened Videos/Worship_120331.mp4 on Mon Apr 9 22:59:45 2012

Changed to input 1 on Mon Apr 9 23:00:00 2012

played Videos/Worship_120331.mp4 on Mon Apr 9 23:00:00 2012

Changed to input 3 on Mon Apr 9 23:59:13 2012

opened Videos/GO_347.mp4 on Fri Apr 13 19:59:45 2012

Changed to input 1 on Fri Apr 13 20:00:00 2012

played Videos/GO_347.mp4 on Fri Apr 13 20:00:00 2012

Changed to input 3 on Fri Apr 13 20:28:29 2012

opened Videos/Worship_120414.mp4 on Sat Apr 14 15:59:45 2012

Changed to input 1 on Sat Apr 14 16:00:00 2012

played Videos/Worship_120414.mp4 on Sat Apr 14 16:00:00 2012

Changed to input 3 on Sat Apr 14 16:58:36 2012

opened Videos/Worship_120414.mp4 on Sun Apr 15 09:59:45 2012

Changed to input 1 on Sun Apr 15 10:00:00 2012

played Videos/Worship_120414.mp4 on Sun Apr 15 10:00:00 2012

Changed to input 3 on Sun Apr 15 10:58:36 2012

opened Videos/GO_397.mp4 on Mon Apr 16 15:59:45 2012

Changed to input 1 on Mon Apr 16 16:00:00 2012

played Videos/GO_397.mp4 on Mon Apr 16 16:00:00 2012

Changed to input 3 on Mon Apr 16 16:28:29 2012

opened Videos/Worship_120414.mp4 on Mon Apr 16 22:59:45 2012

Changed to input 1 on Mon Apr 16 23:00:00 2012

played Videos/Worship_120414.mp4 on Mon Apr 16 23:00:00 2012

Changed to input 3 on Mon Apr 16 23:58:36 2012

opened Videos/GO_348.mp4 on Fri Apr 20 07:59:45 2012

Changed to input 1 on Fri Apr 20 08:00:00 2012

played Videos/GO_348.mp4 on Fri Apr 20 08:00:00 2012

Changed to input 3 on Fri Apr 20 08:28:29 2012

opened Videos/Worship_120421.mp4 on Sat Apr 21 15:59:45 2012

Changed to input 1 on Sat Apr 21 16:00:00 2012

played Videos/Worship_120421.mp4 on Sat Apr 21 16:00:00 2012

Changed to input 3 on Sat Apr 21 16:58:34 2012

opened Videos/Worship_120421.mp4 on Sun Apr 22 09:59:45 2012

Changed to input 1 on Sun Apr 22 10:00:00 2012

played Videos/Worship_120421.mp4 on Sun Apr 22 10:00:00 2012

Changed to input 3 on Sun Apr 22 10:58:34 2012

opened Videos/Worship_120421.mp4 on Mon Apr 23 22:59:45 2012

Changed to input 1 on Mon Apr 23 23:00:00 2012

played Videos/Worship_120421.mp4 on Mon Apr 23 23:00:00 2012

Changed to input 3 on Mon Apr 23 23:58:34 2012

Changed to input 3 on Fri Apr 27 16:27:02 2012

opened Videos/IHW_110608.m4v on Fri Apr 27 18:59:45 2012

Changed to input 1 on Fri Apr 27 19:00:00 2012

played Videos/IHW_110608.m4v on Fri Apr 27 19:00:00 2012

Changed to input 3 on Fri Apr 27 19:28:33 2012

opened Videos/Worship_120428.mp4 on Sat Apr 28 15:59:45 2012

Changed to input 1 on Sat Apr 28 16:00:00 2012

played Videos/Worship_120428.mp4 on Sat Apr 28 16:00:00 2012

Changed to input 3 on Sat Apr 28 16:58:36 2012

opened Videos/Worship_120428.mp4 on Sun Apr 29 09:59:45 2012

Changed to input 1 on Sun Apr 29 10:00:00 2012

played Videos/Worship_120428.mp4 on Sun Apr 29 10:00:00 2012

Changed to input 3 on Sun Apr 29 10:58:36 2012

opened Videos/GO_367.mp4 on Mon Apr 30 15:59:45 2012

Changed to input 1 on Mon Apr 30 16:00:00 2012

played Videos/GO_367.mp4 on Mon Apr 30 16:00:00 2012

Changed to input 3 on Mon Apr 30 16:28:29 2012

opened Videos/Worship_120428.mp4 on Mon Apr 30 22:59:45 2012

Changed to input 1 on Mon Apr 30 23:00:00 2012

played Videos/Worship_120428.mp4 on Mon Apr 30 23:00:00 2012

Changed to input 3 on Mon Apr 30 23:58:36 2012

Changed to input 3 on Thu May 3 17:00:57 2012

opened Videos/GO_350.mp4 on Fri May 4 19:59:45 2012

Changed to input 1 on Fri May 4 20:00:00 2012

played Videos/GO_350.mp4 on Fri May 4 20:00:00 2012

Changed to input 3 on Fri May 4 20:28:29 2012

opened Videos/Worship_120505.mp4 on Sat May 5 15:59:45 2012

Changed to input 1 on Sat May 5 16:00:00 2012

played Videos/Worship_120505.mp4 on Sat May 5 16:00:00 2012

Changed to input 3 on Sat May 5 16:58:36 2012

opened Videos/Worship_120505.mp4 on Sun May 6 09:59:45 2012

Changed to input 1 on Sun May 6 10:00:00 2012

played Videos/Worship_120505.mp4 on Sun May 6 10:00:00 2012

Changed to input 3 on Sun May 6 10:58:36 2012

opened Videos/GO_368.mp4 on Mon May 7 15:59:45 2012

Changed to input 1 on Mon May 7 16:00:00 2012

played Videos/GO_368.mp4 on Mon May 7 16:00:00 2012

Changed to input 3 on Mon May 7 16:28:29 2012

opened Videos/Worship_120505.mp4 on Mon May 7 22:59:45 2012

Changed to input 1 on Mon May 7 23:00:00 2012

played Videos/Worship_120505.mp4 on Mon May 7 23:00:00 2012

Changed to input 3 on Mon May 7 23:58:36 2012

opened Videos/IHW_120509.mp4 on Fri May 11 18:59:45 2012

Changed to input 1 on Fri May 11 19:00:00 2012

played Videos/IHW_120509.mp4 on Fri May 11 19:00:00 2012

Changed to input 3 on Fri May 11 19:28:33 2012

opened Videos/GO_351.mp4 on Fri May 11 19:59:45 2012

Changed to input 1 on Fri May 11 20:00:00 2012

played Videos/GO_351.mp4 on Fri May 11 20:00:00 2012

Changed to input 3 on Fri May 11 20:28:29 2012

opened Videos/Worship_120512.mp4 on Sat May 12 15:59:45 2012

Changed to input 1 on Sat May 12 16:00:00 2012

played Videos/Worship_120512.mp4 on Sat May 12 16:00:00 2012

Changed to input 3 on Sat May 12 16:58:34 2012

opened Videos/Worship_120512.mp4 on Sun May 13 09:59:45 2012

Changed to input 1 on Sun May 13 10:00:00 2012

played Videos/Worship_120512.mp4 on Sun May 13 10:00:00 2012

Changed to input 3 on Sun May 13 10:58:34 2012

opened Videos/GO_402.mp4 on Mon May 14 15:59:45 2012

Changed to input 1 on Mon May 14 16:00:00 2012

played Videos/GO_402.mp4 on Mon May 14 16:00:00 2012

Changed to input 3 on Mon May 14 16:28:31 2012

opened Videos/Worship_120512.mp4 on Mon May 14 22:59:45 2012

Changed to input 1 on Mon May 14 23:00:00 2012

played Videos/Worship_120512.mp4 on Mon May 14 23:00:00 2012

Changed to input 3 on Mon May 14 23:58:34 2012

Changed to input 1 on Thu May 17 15:51:10 2012

Changed to input 3 on Thu May 17 15:51:13 2012

Changed to input 2 on Thu May 17 15:51:21 2012

Changed to input 4 on Thu May 17 15:51:24 2012

Changed to input 3 on Thu May 17 15:51:29 2012

Changed to input 4 on Thu May 17 20:19:54 2012

Changed to input 3 on Thu May 17 20:35:13 2012

opened Videos/GO_352.mp4 on Fri May 18 19:59:45 2012

Changed to input 1 on Fri May 18 20:00:00 2012

played Videos/GO_352.mp4 on Fri May 18 20:00:00 2012

Changed to input 3 on Fri May 18 20:28:29 2012

opened Videos/Worship_120519.mp4 on Sat May 19 15:59:45 2012

Changed to input 1 on Sat May 19 16:00:00 2012

played Videos/Worship_120519.mp4 on Sat May 19 16:00:00 2012

Changed to input 3 on Sat May 19 16:58:55 2012

opened Videos/Worship_120519.mp4 on Sun May 20 09:59:45 2012

Changed to input 1 on Sun May 20 10:00:00 2012

played Videos/Worship_120519.mp4 on Sun May 20 10:00:00 2012

Changed to input 3 on Sun May 20 10:58:55 2012

opened Videos/GO_369.mp4 on Mon May 21 15:59:45 2012

Changed to input 1 on Mon May 21 16:00:00 2012

played Videos/GO_369.mp4 on Mon May 21 16:00:00 2012

Changed to input 3 on Mon May 21 16:28:29 2012

opened Videos/Worship_120519.mp4 on Mon May 21 22:59:45 2012

Changed to input 1 on Mon May 21 23:00:00 2012

played Videos/Worship_120519.mp4 on Mon May 21 23:00:00 2012

Changed to input 3 on Mon May 21 23:58:55 2012

opened Videos/IHW_110720.mp4 on Fri May 25 18:59:45 2012

Changed to input 1 on Fri May 25 19:00:00 2012

played Videos/IHW_110720.mp4 on Fri May 25 19:00:00 2012

Changed to input 3 on Fri May 25 19:28:32 2012

opened Videos/GO_353.mp4 on Fri May 25 19:59:45 2012

Changed to input 1 on Fri May 25 20:00:00 2012

played Videos/GO_353.mp4 on Fri May 25 20:00:00 2012

Changed to input 3 on Fri May 25 20:28:29 2012

opened Videos/Worship_120526.mp4 on Sat May 26 15:59:45 2012

Changed to input 1 on Sat May 26 16:00:00 2012

played Videos/Worship_120526.mp4 on Sat May 26 16:00:00 2012

Changed to input 3 on Sat May 26 16:58:36 2012

opened Videos/Worship_120526.mp4 on Sun May 27 09:59:45 2012

Changed to input 1 on Sun May 27 10:00:00 2012

played Videos/Worship_120526.mp4 on Sun May 27 10:00:00 2012

Changed to input 3 on Sun May 27 10:58:36 2012

opened Videos/GO_370.mp4 on Mon May 28 15:59:45 2012

Changed to input 1 on Mon May 28 16:00:00 2012

played Videos/GO_370.mp4 on Mon May 28 16:00:00 2012

Changed to input 3 on Mon May 28 16:28:29 2012

opened Videos/Worship_120526.mp4 on Mon May 28 22:59:45 2012

Changed to input 1 on Mon May 28 23:00:00 2012

played Videos/Worship_120526.mp4 on Mon May 28 23:00:00 2012

Changed to input 3 on Mon May 28 23:58:36 2012

Changed to input 3 on Tue May 29 13:14:15 2012

opened Videos/IHW_120530.mp4 on Fri Jun 1 18:59:45 2012

Changed to input 1 on Fri Jun 1 19:00:00 2012

played Videos/IHW_120530.mp4 on Fri Jun 1 19:00:00 2012

Changed to input 3 on Fri Jun 1 19:28:33 2012

opened Videos/GO_354.mp4 on Fri Jun 1 19:59:45 2012

Changed to input 1 on Fri Jun 1 20:00:00 2012

played Videos/GO_354.mp4 on Fri Jun 1 20:00:00 2012

Changed to input 3 on Fri Jun 1 20:28:29 2012

opened Videos/Worship_120602.mp4 on Sat Jun 2 15:59:45 2012

Changed to input 1 on Sat Jun 2 16:00:00 2012

played Videos/Worship_120602.mp4 on Sat Jun 2 16:00:00 2012

Changed to input 3 on Sat Jun 2 16:58:37 2012

opened Videos/Worship_120602.mp4 on Sun Jun 3 09:59:45 2012

Changed to input 1 on Sun Jun 3 10:00:00 2012

played Videos/Worship_120602.mp4 on Sun Jun 3 10:00:00 2012

Changed to input 3 on Sun Jun 3 10:58:37 2012

opened Videos/GO_372.mp4 on Mon Jun 4 15:59:45 2012

Changed to input 1 on Mon Jun 4 16:00:00 2012

played Videos/GO_372.mp4 on Mon Jun 4 16:00:00 2012

Changed to input 3 on Mon Jun 4 16:28:29 2012

opened Videos/Worship_120602.mp4 on Mon Jun 4 22:59:45 2012

Changed to input 1 on Mon Jun 4 23:00:00 2012

played Videos/Worship_120602.mp4 on Mon Jun 4 23:00:00 2012

Changed to input 3 on Mon Jun 4 23:58:37 2012

opened Videos/Worship_110618.mp4 on Sat Jun 9 15:59:45 2012

Changed to input 1 on Sat Jun 9 16:00:00 2012

played Videos/Worship_110618.mp4 on Sat Jun 9 16:00:00 2012

Changed to input 3 on Sat Jun 9 16:58:36 2012

opened Videos/Worship_110618.mp4 on Sun Jun 10 09:59:45 2012

Changed to input 1 on Sun Jun 10 10:00:00 2012

played Videos/Worship_110618.mp4 on Sun Jun 10 10:00:00 2012

Changed to input 3 on Sun Jun 10 10:58:36 2012

opened Videos/Worship_110618.mp4 on Mon Jun 11 22:59:45 2012

Changed to input 1 on Mon Jun 11 23:00:00 2012

played Videos/Worship_110618.mp4 on Mon Jun 11 23:00:00 2012

Changed to input 3 on Mon Jun 11 23:58:36 2012

opened Videos/IHW_110629.mp4 on Fri Jun 15 18:59:45 2012

Changed to input 1 on Fri Jun 15 19:00:00 2012

played Videos/IHW_110629.mp4 on Fri Jun 15 19:00:00 2012

Changed to input 3 on Fri Jun 15 19:28:33 2012

opened Videos/Worship_120616.mp4 on Sat Jun 16 15:59:45 2012

Changed to input 1 on Sat Jun 16 16:00:00 2012

played Videos/Worship_120616.mp4 on Sat Jun 16 16:00:00 2012

Changed to input 3 on Sat Jun 16 16:58:36 2012

opened Videos/Worship_120616.mp4 on Sun Jun 17 09:59:45 2012

Changed to input 1 on Sun Jun 17 10:00:00 2012

played Videos/Worship_120616.mp4 on Sun Jun 17 10:00:00 2012

Changed to input 3 on Sun Jun 17 10:58:36 2012

opened Videos/GO_374.mp4 on Mon Jun 18 15:59:45 2012

Changed to input 1 on Mon Jun 18 16:00:00 2012

played Videos/GO_374.mp4 on Mon Jun 18 16:00:00 2012

Changed to input 3 on Mon Jun 18 16:28:29 2012

opened Videos/Worship_120616.mp4 on Mon Jun 18 22:59:45 2012

Changed to input 1 on Mon Jun 18 23:00:00 2012

played Videos/Worship_120616.mp4 on Mon Jun 18 23:00:00 2012

Changed to input 3 on Mon Jun 18 23:58:36 2012

Changed to input 3 on Sat Jun 23 11:57:11 2012

opened Videos/Worship_120623.mp4 on Sat Jun 23 15:59:46 2012

Changed to input 1 on Sat Jun 23 16:00:00 2012

played Videos/Worship_120623.mp4 on Sat Jun 23 16:00:00 2012

Changed to input 3 on Sat Jun 23 16:58:35 2012

opened Videos/Worship_120623.mp4 on Sun Jun 24 09:59:45 2012

Changed to input 1 on Sun Jun 24 10:00:00 2012

played Videos/Worship_120623.mp4 on Sun Jun 24 10:00:00 2012

Changed to input 3 on Sun Jun 24 10:58:35 2012

opened Videos/Worship_120623.mp4 on Mon Jun 25 22:59:45 2012

Changed to input 1 on Mon Jun 25 23:00:00 2012

played Videos/Worship_120623.mp4 on Mon Jun 25 23:00:00 2012

Changed to input 3 on Mon Jun 25 23:58:35 2012

opened Videos/Worship_120707.mp4 on Sat Jul 7 15:59:46 2012

Changed to input 1 on Sat Jul 7 16:00:00 2012

played Videos/Worship_120707.mp4 on Sat Jul 7 16:00:00 2012

Changed to input 3 on Sat Jul 7 16:00:00 2012

opened Videos/Worship_120707.mp4 on Sun Jul 8 09:59:45 2012

Changed to input 1 on Sun Jul 8 10:00:00 2012

played Videos/Worship_120707.mp4 on Sun Jul 8 10:00:00 2012

Changed to input 3 on Sun Jul 8 10:00:00 2012

opened Videos/Worship_120707.mp4 on Mon Jul 9 22:59:45 2012

Changed to input 1 on Mon Jul 9 23:00:00 2012

played Videos/Worship_120707.mp4 on Mon Jul 9 23:00:00 2012

Changed to input 3 on Mon Jul 9 23:00:00 2012

opened Videos/Worship_110709.mp4 on Sat Jul 14 15:59:46 2012

Changed to input 1 on Sat Jul 14 16:00:00 2012

played Videos/Worship_110709.mp4 on Sat Jul 14 16:00:00 2012

Changed to input 3 on Sat Jul 14 16:58:46 2012

opened Videos/Worship_110709.mp4 on Sun Jul 15 09:59:45 2012

Changed to input 1 on Sun Jul 15 10:00:00 2012

played Videos/Worship_110709.mp4 on Sun Jul 15 10:00:00 2012

Changed to input 3 on Sun Jul 15 10:58:46 2012

opened Videos/GO_384.mp4 on Mon Jul 16 15:59:45 2012

Changed to input 1 on Mon Jul 16 16:00:00 2012

played Videos/GO_384.mp4 on Mon Jul 16 16:00:00 2012

Changed to input 3 on Mon Jul 16 16:28:29 2012

opened Videos/Worship_110709.mp4 on Mon Jul 16 22:59:45 2012

Changed to input 1 on Mon Jul 16 23:00:00 2012

played Videos/Worship_110709.mp4 on Mon Jul 16 23:00:00 2012

Changed to input 3 on Mon Jul 16 23:58:46 2012

opened Videos/Worship_120623.mp4 on Sat Jul 21 15:59:46 2012

Changed to input 1 on Sat Jul 21 16:00:00 2012

played Videos/Worship_120623.mp4 on Sat Jul 21 16:00:00 2012

Changed to input 3 on Sat Jul 21 16:58:35 2012

opened Videos/Worship_120623.mp4 on Sun Jul 22 09:59:45 2012

Changed to input 1 on Sun Jul 22 10:00:00 2012

played Videos/Worship_120623.mp4 on Sun Jul 22 10:00:00 2012

Changed to input 3 on Sun Jul 22 10:58:35 2012

opened Videos/GO_385.mp4 on Mon Jul 23 15:59:45 2012

Changed to input 1 on Mon Jul 23 16:00:00 2012

played Videos/GO_385.mp4 on Mon Jul 23 16:00:00 2012

Changed to input 3 on Mon Jul 23 16:28:37 2012

opened Videos/Worship_120623.mp4 on Mon Jul 23 22:59:45 2012

Changed to input 1 on Mon Jul 23 23:00:00 2012

played Videos/Worship_120623.mp4 on Mon Jul 23 23:00:00 2012

Changed to input 3 on Mon Jul 23 23:58:35 2012

opened Videos/GO_362.mp4 on Fri Jul 27 07:59:45 2012

Changed to input 1 on Fri Jul 27 08:00:00 2012

played Videos/GO_362.mp4 on Fri Jul 27 08:00:00 2012

Changed to input 3 on Fri Jul 27 08:28:29 2012

opened Videos/Worship_120728.mp4 on Sat Jul 28 15:59:45 2012

Changed to input 1 on Sat Jul 28 16:00:00 2012

played Videos/Worship_120728.mp4 on Sat Jul 28 16:00:00 2012

Changed to input 3 on Sat Jul 28 16:24:42 2012

Changed to input 3 on Sat Jul 28 16:58:37 2012

opened Videos/Worship_120616.mp4 on Sun Jul 29 09:59:45 2012

Changed to input 1 on Sun Jul 29 10:00:00 2012

played Videos/Worship_120616.mp4 on Sun Jul 29 10:00:00 2012

Changed to input 3 on Sun Jul 29 10:58:36 2012

opened Videos/GO_386.mp4 on Mon Jul 30 15:59:45 2012

Changed to input 1 on Mon Jul 30 16:00:00 2012

played Videos/GO_386.mp4 on Mon Jul 30 16:00:00 2012

Changed to input 3 on Mon Jul 30 16:28:29 2012

opened Videos/Worship_120616.mp4 on Mon Jul 30 22:59:45 2012

Changed to input 1 on Mon Jul 30 23:00:00 2012

played Videos/Worship_120616.mp4 on Mon Jul 30 23:00:00 2012

Changed to input 3 on Mon Jul 30 23:58:36 2012

opened Videos/Worship_120804.mp4 on Sat Aug 4 15:59:45 2012

Changed to input 1 on Sat Aug 4 16:00:00 2012

played Videos/Worship_120804.mp4 on Sat Aug 4 16:00:00 2012

Changed to input 3 on Sat Aug 4 16:58:36 2012

opened Videos/Worship_120804.mp4 on Sun Aug 5 09:59:45 2012

Changed to input 1 on Sun Aug 5 10:00:00 2012

played Videos/Worship_120804.mp4 on Sun Aug 5 10:00:00 2012

Changed to input 3 on Sun Aug 5 10:58:36 2012

opened Videos/Worship_120804.mp4 on Sat Aug 11 15:59:45 2012

Changed to input 1 on Sat Aug 11 16:00:00 2012

played Videos/Worship_120804.mp4 on Sat Aug 11 16:00:00 2012

Changed to input 3 on Sat Aug 11 16:58:36 2012

opened Videos/Worship_120811.mp4 on Sat Aug 11 16:58:37 2012

Changed to input 1 on Sat Aug 11 16:58:37 2012

played Videos/Worship_120811.mp4 on Sat Aug 11 16:58:37 2012

Changed to input 3 on Sat Aug 11 17:59:26 2012

opened Videos/Worship_120804.mp4 on Sun Aug 12 09:59:45 2012

Changed to input 1 on Sun Aug 12 10:00:00 2012

played Videos/Worship_120804.mp4 on Sun Aug 12 10:00:00 2012

Changed to input 3 on Sun Aug 12 10:58:36 2012

opened Videos/Worship_120811.mp4 on Sun Aug 12 10:58:36 2012

Changed to input 1 on Sun Aug 12 10:58:36 2012

played Videos/Worship_120811.mp4 on Sun Aug 12 10:58:36 2012

Changed to input 3 on Sun Aug 12 11:59:33 2012

opened Videos/GO_388.mp4 on Mon Aug 13 15:59:45 2012

Changed to input 1 on Mon Aug 13 16:00:00 2012

played Videos/GO_388.mp4 on Mon Aug 13 16:00:00 2012

Changed to input 3 on Mon Aug 13 16:28:29 2012

opened Videos/Worship_120804.mp4 on Mon Aug 13 22:59:45 2012

Changed to input 1 on Mon Aug 13 23:00:00 2012

played Videos/Worship_120804.mp4 on Mon Aug 13 23:00:00 2012

Changed to input 3 on Tue Aug 14 00:00:00 2012

opened Videos/Worship_120811.mp4 on Tue Aug 14 00:00:00 2012

Changed to input 1 on Tue Aug 14 00:00:00 2012

played Videos/Worship_120811.mp4 on Tue Aug 14 00:00:00 2012

Changed to input 3 on Tue Aug 14 01:00:40 2012

opened Videos/GO_366.mp4 on Fri Aug 17 07:59:45 2012

Changed to input 1 on Fri Aug 17 08:00:00 2012

played Videos/GO_366.mp4 on Fri Aug 17 08:00:00 2012

Changed to input 3 on Fri Aug 17 08:28:29 2012

opened Videos/Worship_120818.mp4 on Sat Aug 18 15:59:45 2012

Changed to input 1 on Sat Aug 18 16:00:00 2012

played Videos/Worship_120818.mp4 on Sat Aug 18 16:00:00 2012

Changed to input 3 on Sat Aug 18 16:58:36 2012

opened Videos/Worship_120818.mp4 on Sun Aug 19 09:59:45 2012

Changed to input 1 on Sun Aug 19 10:00:00 2012

played Videos/Worship_120818.mp4 on Sun Aug 19 10:00:00 2012

Changed to input 3 on Sun Aug 19 10:58:36 2012

opened Videos/Worship_120818.mp4 on Mon Aug 20 22:59:45 2012

Changed to input 1 on Mon Aug 20 23:00:00 2012

played Videos/Worship_120818.mp4 on Mon Aug 20 23:00:00 2012

Changed to input 3 on Mon Aug 20 23:58:36 2012

opened Videos/GO_367.mp4 on Fri Aug 24 19:59:45 2012

Changed to input 1 on Fri Aug 24 20:00:00 2012

played Videos/GO_367.mp4 on Fri Aug 24 20:00:00 2012

Changed to input 3 on Fri Aug 24 20:28:29 2012

opened Videos/Worship_120825.mp4 on Sat Aug 25 15:59:45 2012

Changed to input 1 on Sat Aug 25 16:00:00 2012

played Videos/Worship_120825.mp4 on Sat Aug 25 16:00:00 2012

Changed to input 3 on Sat Aug 25 16:58:43 2012

opened Videos/Worship_120825.mp4 on Sun Aug 26 09:59:45 2012

Changed to input 1 on Sun Aug 26 10:00:00 2012

played Videos/Worship_120825.mp4 on Sun Aug 26 10:00:00 2012

Changed to input 3 on Sun Aug 26 10:58:43 2012

Changed to input 3 on Mon Aug 27 15:35:08 2012

Changed to input 2 on Fri Aug 31 18:42:39 2012

Changed to input 3 on Fri Aug 31 18:42:43 2012

Changed to input 3 on Fri Aug 31 18:44:10 2012

Changed to input 1 on Fri Aug 31 18:57:53 2012

Changed to input 3 on Fri Aug 31 18:58:01 2012

Changed to input 1 on Fri Aug 31 18:58:14 2012

Changed to input 3 on Fri Aug 31 18:58:19 2012

Changed to input 1 on Fri Aug 31 19:01:25 2012

Changed to input 3 on Fri Aug 31 19:02:05 2012

opened Videos/Worship_120818.mp4 on Sat Sep 1 15:59:46 2012

Changed to input 1 on Sat Sep 1 16:00:00 2012

played Videos/Worship_120818.mp4 on Sat Sep 1 16:00:00 2012

Changed to input 3 on Sat Sep 1 16:58:36 2012

opened Videos/Worship_120818.mp4 on Sun Sep 2 09:59:45 2012

Changed to input 1 on Sun Sep 2 10:00:00 2012

played Videos/Worship_120818.mp4 on Sun Sep 2 10:00:00 2012

Changed to input 3 on Sun Sep 2 10:58:36 2012

opened Videos/GO_391.mp4 on Mon Sep 3 15:59:45 2012

Changed to input 1 on Mon Sep 3 16:00:00 2012

played Videos/GO_391.mp4 on Mon Sep 3 16:00:00 2012

Changed to input 3 on Mon Sep 3 16:28:31 2012

opened Videos/IHW_110629.mp4 on Mon Sep 3 16:29:45 2012

Changed to input 1 on Mon Sep 3 16:30:00 2012

played Videos/IHW_110629.mp4 on Mon Sep 3 16:30:00 2012

Changed to input 3 on Mon Sep 3 16:58:33 2012

opened Videos/Worship_120818.mp4 on Mon Sep 3 22:59:45 2012

Changed to input 1 on Mon Sep 3 23:00:00 2012

played Videos/Worship_120818.mp4 on Mon Sep 3 23:00:00 2012

Changed to input 3 on Mon Sep 3 23:58:36 2012

opened Videos/Worship_120818.mp4 on Thu Sep 6 01:59:45 2012

Changed to input 1 on Thu Sep 6 02:00:00 2012

played Videos/Worship_120818.mp4 on Thu Sep 6 02:00:00 2012

Changed to input 3 on Thu Sep 6 02:58:36 2012

opened Videos/GO_369.mp4 on Fri Sep 7 07:59:45 2012

Changed to input 1 on Fri Sep 7 08:00:00 2012

played Videos/GO_369.mp4 on Fri Sep 7 08:00:00 2012

Changed to input 3 on Fri Sep 7 08:28:29 2012

opened Videos/IHW_111116.mp4 on Fri Sep 7 08:29:45 2012

Changed to input 1 on Fri Sep 7 08:30:00 2012

played Videos/IHW_111116.mp4 on Fri Sep 7 08:30:00 2012

Changed to input 3 on Fri Sep 7 08:58:33 2012

opened Videos/IHW_012010.mp4 on Fri Sep 7 18:59:45 2012

Changed to input 1 on Fri Sep 7 19:00:00 2012

played Videos/IHW_012010.mp4 on Fri Sep 7 19:00:00 2012

Changed to input 3 on Fri Sep 7 19:28:35 2012

opened Videos/Worship_120901.mp4 on Sat Sep 8 15:59:45 2012

Changed to input 1 on Sat Sep 8 16:00:00 2012

played Videos/Worship_120901.mp4 on Sat Sep 8 16:00:00 2012

Changed to input 3 on Sat Sep 8 16:58:37 2012

opened Videos/Worship_120901.mp4 on Sun Sep 9 09:59:45 2012

Changed to input 1 on Sun Sep 9 10:00:00 2012

played Videos/Worship_120901.mp4 on Sun Sep 9 10:00:00 2012

Changed to input 3 on Sun Sep 9 10:58:37 2012

opened Videos/GO_393.mp4 on Mon Sep 10 15:59:45 2012

Changed to input 1 on Mon Sep 10 16:00:00 2012

played Videos/GO_393.mp4 on Mon Sep 10 16:00:00 2012

Changed to input 3 on Mon Sep 10 16:28:29 2012

opened Videos/IHW_110629.mp4 on Mon Sep 10 16:29:45 2012

Changed to input 1 on Mon Sep 10 16:30:00 2012

played Videos/IHW_110629.mp4 on Mon Sep 10 16:30:00 2012

Changed to input 3 on Mon Sep 10 16:58:33 2012

opened Videos/Worship_120901.mp4 on Mon Sep 10 22:59:45 2012

Changed to input 1 on Mon Sep 10 23:00:00 2012

played Videos/Worship_120901.mp4 on Mon Sep 10 23:00:00 2012

Changed to input 3 on Mon Sep 10 23:58:37 2012

opened Videos/GO_370.mp4 on Fri Sep 14 07:59:45 2012

Changed to input 1 on Fri Sep 14 08:00:00 2012

played Videos/GO_370.mp4 on Fri Sep 14 08:00:00 2012

Changed to input 3 on Fri Sep 14 08:28:29 2012

opened Videos/IHW_110720.mp4 on Fri Sep 14 08:29:45 2012

Changed to input 1 on Fri Sep 14 08:30:00 2012

played Videos/IHW_110720.mp4 on Fri Sep 14 08:30:00 2012

Changed to input 3 on Fri Sep 14 08:58:32 2012

opened Videos/IHW_020310.mp4 on Fri Sep 14 18:59:45 2012

Changed to input 1 on Fri Sep 14 19:00:00 2012

played Videos/IHW_020310.mp4 on Fri Sep 14 19:00:00 2012

Changed to input 3 on Fri Sep 14 19:28:34 2012

opened Videos/Worship_120908.mp4 on Sat Sep 15 15:59:45 2012

Changed to input 1 on Sat Sep 15 16:00:00 2012

played Videos/Worship_120908.mp4 on Sat Sep 15 16:00:00 2012

Changed to input 3 on Sat Sep 15 16:58:30 2012

opened Videos/Worship_120908.mp4 on Sun Sep 16 09:59:45 2012

Changed to input 1 on Sun Sep 16 10:00:00 2012

played Videos/Worship_120908.mp4 on Sun Sep 16 10:00:00 2012

Changed to input 3 on Sun Sep 16 10:58:30 2012

opened Videos/GO_394.mp4 on Mon Sep 17 15:59:45 2012

Changed to input 1 on Mon Sep 17 16:00:00 2012

played Videos/GO_394.mp4 on Mon Sep 17 16:00:00 2012

Changed to input 3 on Mon Sep 17 16:28:29 2012

opened Videos/IHW_111130.mp4 on Mon Sep 17 16:29:45 2012

Changed to input 1 on Mon Sep 17 16:30:00 2012

played Videos/IHW_111130.mp4 on Mon Sep 17 16:30:00 2012

Changed to input 3 on Mon Sep 17 16:58:32 2012

opened Videos/Worship_120908.mp4 on Mon Sep 17 22:59:45 2012

Changed to input 1 on Mon Sep 17 23:00:00 2012

played Videos/Worship_120908.mp4 on Mon Sep 17 23:00:00 2012

Changed to input 3 on Mon Sep 17 23:58:30 2012

opened Videos/GO_372.mp4 on Fri Sep 21 07:59:45 2012

Changed to input 1 on Fri Sep 21 08:00:00 2012

played Videos/GO_372.mp4 on Fri Sep 21 08:00:00 2012

Changed to input 3 on Fri Sep 21 08:28:29 2012

opened Videos/IHW_110824.mp4 on Fri Sep 21 08:29:45 2012

Changed to input 1 on Fri Sep 21 08:30:00 2012

played Videos/IHW_110824.mp4 on Fri Sep 21 08:30:00 2012

Changed to input 3 on Fri Sep 21 08:58:33 2012

opened Videos/IHW_110511.m4v on Fri Sep 21 18:59:45 2012

Changed to input 1 on Fri Sep 21 19:00:00 2012

played Videos/IHW_110511.m4v on Fri Sep 21 19:00:00 2012

Changed to input 3 on Fri Sep 21 19:28:32 2012

opened Videos/Worship_120915.mp4 on Sat Sep 22 15:59:45 2012

Changed to input 1 on Sat Sep 22 16:00:00 2012

played Videos/Worship_120915.mp4 on Sat Sep 22 16:00:00 2012

Changed to input 3 on Sat Sep 22 16:58:35 2012

opened Videos/Worship_120915.mp4 on Sun Sep 23 09:59:45 2012

Changed to input 1 on Sun Sep 23 10:00:00 2012

played Videos/Worship_120915.mp4 on Sun Sep 23 10:00:00 2012

Changed to input 3 on Sun Sep 23 10:58:35 2012

opened Videos/GO_395.mp4 on Mon Sep 24 15:59:45 2012

Changed to input 1 on Mon Sep 24 16:00:00 2012

played Videos/GO_395.mp4 on Mon Sep 24 16:00:00 2012

Changed to input 3 on Mon Sep 24 16:28:29 2012

opened Videos/IHW_111228.mp4 on Mon Sep 24 16:29:45 2012

Changed to input 1 on Mon Sep 24 16:30:00 2012

played Videos/IHW_111228.mp4 on Mon Sep 24 16:30:00 2012

Changed to input 3 on Mon Sep 24 16:58:33 2012

opened Videos/Worship_120915.mp4 on Mon Sep 24 22:59:45 2012

Changed to input 1 on Mon Sep 24 23:00:00 2012

played Videos/Worship_120915.mp4 on Mon Sep 24 23:00:00 2012

Changed to input 3 on Mon Sep 24 23:58:35 2012

opened Videos/Worship_120922.mp4 on Sat Sep 29 15:59:46 2012

Changed to input 1 on Sat Sep 29 16:00:00 2012

played Videos/Worship_120922.mp4 on Sat Sep 29 16:00:00 2012

Changed to input 3 on Sat Sep 29 16:58:36 2012

opened Videos/Worship_120922.mp4 on Sun Sep 30 09:59:45 2012

Changed to input 1 on Sun Sep 30 10:00:00 2012

played Videos/Worship_120922.mp4 on Sun Sep 30 10:00:00 2012

Changed to input 3 on Sun Sep 30 10:58:36 2012

opened Videos/Worship_120922.mp4 on Mon Oct 1 22:59:45 2012

Changed to input 1 on Mon Oct 1 23:00:00 2012

played Videos/Worship_120922.mp4 on Mon Oct 1 23:00:00 2012

Changed to input 3 on Mon Oct 1 23:58:36 2012

opened Videos/Worship_120114.mp4 on Thu Oct 4 01:59:45 2012

Changed to input 1 on Thu Oct 4 02:00:00 2012

played Videos/Worship_120114.mp4 on Thu Oct 4 02:00:00 2012

Changed to input 3 on Thu Oct 4 02:58:36 2012

opened Videos/GO_374.mp4 on Fri Oct 5 07:59:45 2012

Changed to input 1 on Fri Oct 5 08:00:00 2012

played Videos/GO_374.mp4 on Fri Oct 5 08:00:00 2012

Changed to input 3 on Fri Oct 5 08:28:29 2012

opened Videos/IHW_120530.mp4 on Fri Oct 5 18:59:45 2012

Changed to input 1 on Fri Oct 5 19:00:00 2012

played Videos/IHW_120530.mp4 on Fri Oct 5 19:00:00 2012

Changed to input 3 on Fri Oct 5 19:28:33 2012

opened Videos/Worship_120929.mp4 on Sat Oct 6 15:59:45 2012

Changed to input 1 on Sat Oct 6 16:00:00 2012

played Videos/Worship_120929.mp4 on Sat Oct 6 16:00:00 2012

Changed to input 3 on Sat Oct 6 16:58:36 2012

opened Videos/Worship_120929.mp4 on Sun Oct 7 09:59:45 2012

Changed to input 1 on Sun Oct 7 10:00:00 2012

played Videos/Worship_120929.mp4 on Sun Oct 7 10:00:00 2012

Changed to input 3 on Sun Oct 7 10:58:36 2012

opened Videos/GO_399.mp4 on Mon Oct 8 15:59:45 2012

Changed to input 1 on Mon Oct 8 16:00:00 2012

played Videos/GO_399.mp4 on Mon Oct 8 16:00:00 2012

Changed to input 3 on Mon Oct 8 16:28:29 2012

opened Videos/IHW_110511.m4v on Mon Oct 8 16:29:45 2012

Changed to input 1 on Mon Oct 8 16:30:00 2012

played Videos/IHW_110511.m4v on Mon Oct 8 16:30:00 2012

Changed to input 3 on Mon Oct 8 16:58:32 2012

opened Videos/Worship_120929.mp4 on Mon Oct 8 22:59:45 2012

Changed to input 1 on Mon Oct 8 23:00:00 2012

played Videos/Worship_120929.mp4 on Mon Oct 8 23:00:00 2012

Changed to input 3 on Mon Oct 8 23:58:36 2012

opened Videos/Worship_120114.mp4 on Thu Oct 11 01:59:45 2012

Changed to input 1 on Thu Oct 11 02:00:00 2012

played Videos/Worship_120114.mp4 on Thu Oct 11 02:00:00 2012

Changed to input 3 on Thu Oct 11 02:58:36 2012

opened Videos/GO_375.mp4 on Fri Oct 12 07:59:45 2012

Changed to input 1 on Fri Oct 12 08:00:00 2012

played Videos/GO_375.mp4 on Fri Oct 12 08:00:00 2012

Changed to input 3 on Fri Oct 12 08:28:29 2012

Changed to input 1 on Sat Oct 13 12:30:35 2012

opened Videos/Worship_121013.mp4 on Sat Oct 13 15:59:46 2012

Changed to input 1 on Sat Oct 13 16:00:00 2012

played Videos/Worship_121013.mp4 on Sat Oct 13 16:00:00 2012

Changed to input 1 on Sat Oct 13 16:48:03 2012

Changed to input 2 on Sat Oct 13 16:48:06 2012

Changed to input 3 on Sat Oct 13 16:48:09 2012

Changed to input 1 on Sat Oct 13 16:48:10 2012

Changed to input 3 on Sat Oct 13 16:58:36 2012

opened Videos/Worship_121013.mp4 on Sun Oct 14 09:59:45 2012

Changed to input 1 on Sun Oct 14 10:00:00 2012

played Videos/Worship_121013.mp4 on Sun Oct 14 10:00:00 2012

Changed to input 3 on Sun Oct 14 10:58:36 2012

opened Videos/Worship_121013.mp4 on Mon Oct 15 22:59:45 2012

Changed to input 1 on Mon Oct 15 23:00:00 2012

played Videos/Worship_121013.mp4 on Mon Oct 15 23:00:00 2012

Changed to input 3 on Mon Oct 15 23:58:36 2012

opened Videos/Worship_121020.mp4 on Sat Oct 20 15:59:45 2012

Changed to input 1 on Sat Oct 20 16:00:00 2012

played Videos/Worship_121020.mp4 on Sat Oct 20 16:00:00 2012

Changed to input 3 on Sat Oct 20 16:58:36 2012

opened Videos/Worship_121020.mp4 on Sat Oct 20 21:07:45 2012

Changed to input 1 on Sat Oct 20 21:08:00 2012

played Videos/Worship_121020.mp4 on Sat Oct 20 21:08:00 2012

Changed to input 3 on Sat Oct 20 21:11:25 2012

opened Videos/Worship_121020.mp4 on Sat Oct 20 21:12:45 2012

Changed to input 1 on Sat Oct 20 21:13:00 2012

played Videos/Worship_121020.mp4 on Sat Oct 20 21:13:00 2012

Changed to input 3 on Sat Oct 20 21:13:26 2012

opened Videos/Worship_121020.mp4 on Sat Oct 20 21:14:45 2012

Changed to input 1 on Sat Oct 20 21:15:00 2012

played Videos/Worship_121020.mp4 on Sat Oct 20 21:15:00 2012

Changed to input 3 on Sat Oct 20 21:15:10 2012

opened Videos/Worship_121020.mp4 on Sun Oct 21 09:59:45 2012

Changed to input 1 on Sun Oct 21 10:00:00 2012

played Videos/Worship_121020.mp4 on Sun Oct 21 10:00:00 2012

Changed to input 3 on Sun Oct 21 10:58:36 2012

opened Videos/GO_401.mp4 on Mon Oct 22 15:59:45 2012

Changed to input 1 on Mon Oct 22 16:00:00 2012

played Videos/GO_401.mp4 on Mon Oct 22 16:00:00 2012

Changed to input 3 on Mon Oct 22 16:28:29 2012

opened Videos/Worship_121020.mp4 on Mon Oct 22 22:59:45 2012

Changed to input 1 on Mon Oct 22 23:00:00 2012

played Videos/Worship_121020.mp4 on Mon Oct 22 23:00:00 2012

Changed to input 3 on Mon Oct 22 23:58:36 2012

Changed to input 1 on Fri Oct 26 17:58:23 2012

Changed to input 3 on Fri Oct 26 18:10:15 2012

Changed to input 2 on Sat Oct 27 10:10:38 2012

Changed to input 3 on Sat Oct 27 10:10:38 2012

opened Videos/Worship_121027.mp4 on Sat Oct 27 15:59:46 2012

Changed to input 1 on Sat Oct 27 16:00:00 2012

played Videos/Worship_121027.mp4 on Sat Oct 27 16:00:00 2012

Changed to input 3 on Sat Oct 27 16:58:37 2012

opened Videos/Worship_121027.mp4 on Sun Oct 28 09:59:45 2012

Changed to input 1 on Sun Oct 28 10:00:00 2012

played Videos/Worship_121027.mp4 on Sun Oct 28 10:00:00 2012

Changed to input 3 on Sun Oct 28 10:58:37 2012

opened Videos/GO_403.mp4 on Mon Oct 29 15:59:45 2012

Changed to input 1 on Mon Oct 29 16:00:00 2012

played Videos/GO_403.mp4 on Mon Oct 29 16:00:00 2012

Changed to input 3 on Mon Oct 29 16:28:29 2012

opened Videos/IHW_110511.m4v on Mon Oct 29 16:29:45 2012

Changed to input 1 on Mon Oct 29 16:30:00 2012

played Videos/IHW_110511.m4v on Mon Oct 29 16:30:00 2012

Changed to input 3 on Mon Oct 29 16:58:32 2012

opened Videos/Worship_121027.mp4 on Mon Oct 29 22:59:45 2012

Changed to input 1 on Mon Oct 29 23:00:00 2012

played Videos/Worship_121027.mp4 on Mon Oct 29 23:00:00 2012

Changed to input 3 on Mon Oct 29 23:58:37 2012

opened Videos/Worship_121027.mp4 on Thu Nov 1 01:59:45 2012

Changed to input 1 on Thu Nov 1 02:00:00 2012

played Videos/Worship_121027.mp4 on Thu Nov 1 02:00:00 2012

Changed to input 3 on Thu Nov 1 02:58:37 2012

opened Videos/GO_384.mp4 on Fri Nov 2 07:59:45 2012

Changed to input 1 on Fri Nov 2 08:00:00 2012

played Videos/GO_384.mp4 on Fri Nov 2 08:00:00 2012

Changed to input 3 on Fri Nov 2 08:28:29 2012

opened Videos/IHW_120509.mp4 on Fri Nov 2 08:29:45 2012

Changed to input 1 on Fri Nov 2 08:30:00 2012

played Videos/IHW_120509.mp4 on Fri Nov 2 08:30:00 2012

Changed to input 3 on Fri Nov 2 08:58:33 2012

opened Videos/IHW_111228.mp4 on Fri Nov 2 19:29:45 2012

Changed to input 1 on Fri Nov 2 19:30:00 2012

played Videos/IHW_111228.mp4 on Fri Nov 2 19:30:00 2012

Changed to input 3 on Fri Nov 2 19:58:32 2012

Changed to input 1 on Sat Nov 3 10:45:54 2012

Changed to input 3 on Sat Nov 3 10:45:57 2012

Changed to input 1 on Sat Nov 3 10:46:14 2012

Changed to input 3 on Sat Nov 3 10:47:46 2012

opened Videos/Worship_121027.mp4 on Sat Nov 3 10:48:15 2012

Changed to input 1 on Sat Nov 3 10:48:30 2012

played Videos/Worship_121027.mp4 on Sat Nov 3 10:48:30 2012

Changed to input 3 on Sat Nov 3 10:48:49 2012

opened Videos/Worship_121103.mp4 on Sat Nov 3 15:59:45 2012

Changed to input 1 on Sat Nov 3 16:00:00 2012

played Videos/Worship_121103.mp4 on Sat Nov 3 16:00:00 2012

Changed to input 3 on Sat Nov 3 17:00:06 2012

opened Videos/Worship_121103.mp4 on Sun Nov 4 09:59:45 2012

Changed to input 1 on Sun Nov 4 10:00:00 2012

played Videos/Worship_121103.mp4 on Sun Nov 4 10:00:00 2012

Changed to input 3 on Sun Nov 4 11:00:06 2012

opened Videos/GO_PGM#.mp4 on Mon Nov 5 15:59:45 2012

Changed to input 1 on Mon Nov 5 16:00:00 2012

played Videos/GO_PGM#.mp4 on Mon Nov 5 16:00:00 2012

Changed to input 3 on Mon Nov 5 16:28:31 2012

opened Videos/IHW_120314.mp4 on Mon Nov 5 16:29:45 2012

Changed to input 1 on Mon Nov 5 16:30:00 2012

played Videos/IHW_120314.mp4 on Mon Nov 5 16:30:00 2012

Changed to input 3 on Mon Nov 5 16:58:33 2012

opened Videos/Worship_121103.mp4 on Mon Nov 5 22:59:45 2012

Changed to input 1 on Mon Nov 5 23:00:00 2012

played Videos/Worship_121103.mp4 on Mon Nov 5 23:00:00 2012

Changed to input 3 on Tue Nov 6 00:00:06 2012

opened Videos/Worship_121020.mp4 on Thu Nov 8 01:59:45 2012

Changed to input 1 on Thu Nov 8 02:00:00 2012

played Videos/Worship_121020.mp4 on Thu Nov 8 02:00:00 2012

Changed to input 3 on Thu Nov 8 02:58:36 2012

opened Videos/GO_385.mp4 on Fri Nov 9 07:59:45 2012

Changed to input 1 on Fri Nov 9 08:00:00 2012

played Videos/GO_385.mp4 on Fri Nov 9 08:00:00 2012

Changed to input 3 on Fri Nov 9 08:28:37 2012

opened Videos/IHW_110629.mp4 on Fri Nov 9 08:29:45 2012

Changed to input 1 on Fri Nov 9 08:30:00 2012

played Videos/IHW_110629.mp4 on Fri Nov 9 08:30:00 2012

Changed to input 3 on Fri Nov 9 08:58:33 2012

opened Videos/IHW_110629.mp4 on Fri Nov 9 18:59:45 2012

Changed to input 1 on Fri Nov 9 19:00:00 2012

played Videos/IHW_110629.mp4 on Fri Nov 9 19:00:00 2012

Changed to input 3 on Fri Nov 9 19:28:33 2012

opened Videos/Worship_121110.mp4 on Sat Nov 10 15:59:45 2012

Changed to input 1 on Sat Nov 10 16:00:00 2012

played Videos/Worship_121110.mp4 on Sat Nov 10 16:00:00 2012

Changed to input 3 on Sat Nov 10 16:58:36 2012

opened Videos/Worship_121110.mp4 on Sun Nov 11 09:59:45 2012

Changed to input 1 on Sun Nov 11 10:00:00 2012

played Videos/Worship_121110.mp4 on Sun Nov 11 10:00:00 2012

Changed to input 3 on Sun Nov 11 10:58:36 2012

opened Videos/GO_405.mp4 on Mon Nov 12 15:59:45 2012

Changed to input 1 on Mon Nov 12 16:00:00 2012

played Videos/GO_405.mp4 on Mon Nov 12 16:00:00 2012

Changed to input 3 on Mon Nov 12 16:28:33 2012

opened Videos/Worship_121110.mp4 on Mon Nov 12 22:59:45 2012

Changed to input 1 on Mon Nov 12 23:00:00 2012

played Videos/Worship_121110.mp4 on Mon Nov 12 23:00:00 2012

Changed to input 3 on Mon Nov 12 23:58:36 2012

opened Videos/IHW_120509.mp4 on Fri Nov 16 18:59:45 2012

Changed to input 1 on Fri Nov 16 19:00:00 2012

played Videos/IHW_120509.mp4 on Fri Nov 16 19:00:00 2012

Changed to input 3 on Fri Nov 16 19:28:33 2012

opened Videos/Worship_121117.mp4 on Sat Nov 17 15:59:45 2012

Changed to input 1 on Sat Nov 17 16:00:00 2012

played Videos/Worship_121117.mp4 on Sat Nov 17 16:00:00 2012

Changed to input 3 on Sat Nov 17 16:58:37 2012

opened Videos/Worship_121117.mp4 on Sun Nov 18 09:59:45 2012

Changed to input 1 on Sun Nov 18 10:00:00 2012

played Videos/Worship_121117.mp4 on Sun Nov 18 10:00:00 2012

Changed to input 3 on Sun Nov 18 10:58:37 2012

opened Videos/GO_406.mp4 on Mon Nov 19 15:59:45 2012

Changed to input 1 on Mon Nov 19 16:00:00 2012

played Videos/GO_406.mp4 on Mon Nov 19 16:00:00 2012

Changed to input 3 on Mon Nov 19 16:28:31 2012

opened Videos/IHW_110824.mp4 on Mon Nov 19 16:29:45 2012

Changed to input 1 on Mon Nov 19 16:30:00 2012

played Videos/IHW_110824.mp4 on Mon Nov 19 16:30:00 2012

Changed to input 3 on Mon Nov 19 16:58:33 2012

opened Videos/Worship_121117.mp4 on Mon Nov 19 22:59:45 2012

Changed to input 1 on Mon Nov 19 23:00:00 2012

played Videos/Worship_121117.mp4 on Mon Nov 19 23:00:00 2012

Changed to input 3 on Mon Nov 19 23:58:37 2012

opened Videos/Worship_120602.mp4 on Thu Nov 22 01:59:45 2012

Changed to input 1 on Thu Nov 22 02:00:00 2012

played Videos/Worship_120602.mp4 on Thu Nov 22 02:00:00 2012

Changed to input 3 on Thu Nov 22 02:58:37 2012

opened Videos/GO_398.mp4 on Fri Nov 23 07:59:45 2012

Changed to input 1 on Fri Nov 23 08:00:00 2012

played Videos/GO_398.mp4 on Fri Nov 23 08:00:00 2012

Changed to input 3 on Fri Nov 23 08:28:29 2012

opened Videos/IHW_110921.mp4 on Fri Nov 23 08:29:45 2012

Changed to input 1 on Fri Nov 23 08:30:00 2012

played Videos/IHW_110921.mp4 on Fri Nov 23 08:30:00 2012

Changed to input 3 on Fri Nov 23 08:58:34 2012

opened Videos/Worship_121124.mp4 on Sat Nov 24 15:59:45 2012

Changed to input 1 on Sat Nov 24 16:00:00 2012

played Videos/Worship_121124.mp4 on Sat Nov 24 16:00:00 2012

Changed to input 3 on Sat Nov 24 16:58:35 2012

opened Videos/Worship_121124.mp4 on Sun Nov 25 09:59:45 2012

Changed to input 1 on Sun Nov 25 10:00:00 2012

played Videos/Worship_121124.mp4 on Sun Nov 25 10:00:00 2012

Changed to input 3 on Sun Nov 25 10:58:35 2012

opened Videos/GO_407.mp4 on Mon Nov 26 15:59:45 2012

Changed to input 1 on Mon Nov 26 16:00:00 2012

played Videos/GO_407.mp4 on Mon Nov 26 16:00:00 2012

Changed to input 3 on Mon Nov 26 16:28:31 2012

opened Videos/IHW_110720.mp4 on Mon Nov 26 16:29:45 2012

Changed to input 1 on Mon Nov 26 16:30:00 2012

played Videos/IHW_110720.mp4 on Mon Nov 26 16:30:00 2012

Changed to input 3 on Mon Nov 26 16:58:32 2012

opened Videos/Worship_121124.mp4 on Mon Nov 26 22:59:45 2012

Changed to input 1 on Mon Nov 26 23:00:00 2012

played Videos/Worship_121124.mp4 on Mon Nov 26 23:00:00 2012

Changed to input 3 on Mon Nov 26 23:58:35 2012

opened Videos/Worship_120421.mp4 on Thu Nov 29 01:59:45 2012

Changed to input 1 on Thu Nov 29 02:00:00 2012

played Videos/Worship_120421.mp4 on Thu Nov 29 02:00:00 2012

Changed to input 3 on Thu Nov 29 02:58:34 2012

opened Videos/GO_386.mp4 on Fri Nov 30 07:59:45 2012

Changed to input 1 on Fri Nov 30 08:00:00 2012

played Videos/GO_386.mp4 on Fri Nov 30 08:00:00 2012

Changed to input 3 on Fri Nov 30 08:28:29 2012

opened Videos/IHW_110511h.m4v on Fri Nov 30 08:29:45 2012

Changed to input 1 on Fri Nov 30 08:30:00 2012

played Videos/IHW_110511h.m4v on Fri Nov 30 08:30:00 2012

Changed to input 3 on Fri Nov 30 09:28:36 2012

opened Videos/Worship_121201.mp4 on Sat Dec 1 15:59:45 2012

Changed to input 1 on Sat Dec 1 16:00:00 2012

played Videos/Worship_121201.mp4 on Sat Dec 1 16:00:00 2012

Changed to input 3 on Sat Dec 1 16:58:36 2012

opened Videos/Worship_121201.mp4 on Sun Dec 2 09:59:45 2012

Changed to input 1 on Sun Dec 2 10:00:00 2012

played Videos/Worship_121201.mp4 on Sun Dec 2 10:00:00 2012

Changed to input 3 on Sun Dec 2 10:58:36 2012

opened Videos/GO_408.mp4 on Mon Dec 3 15:59:45 2012

Changed to input 1 on Mon Dec 3 16:00:00 2012

played Videos/GO_408.mp4 on Mon Dec 3 16:00:00 2012

Changed to input 3 on Mon Dec 3 16:28:31 2012

opened Videos/IHW_012010.mp4 on Mon Dec 3 16:29:45 2012

Changed to input 1 on Mon Dec 3 16:30:00 2012

played Videos/IHW_012010.mp4 on Mon Dec 3 16:30:00 2012

Changed to input 3 on Mon Dec 3 16:58:35 2012

opened Videos/Fountainview_concert_2012.mpeg on Mon Dec 3 18:58:30 2012

Changed to input 1 on Mon Dec 3 18:58:45 2012

played Videos/Fountainview_concert_2012.mpeg on Mon Dec 3 18:58:45 2012

Changed to input 3 on Mon Dec 3 18:59:17 2012

opened Videos/Fountainview_concert_2012.mpeg on Mon Dec 3 20:59:00 2012

Changed to input 1 on Mon Dec 3 20:59:15 2012

played Videos/Fountainview_concert_2012.mpeg on Mon Dec 3 20:59:15 2012

Changed to input 3 on Mon Dec 3 20:59:47 2012

opened Videos/Fountainview_concert_2012.mpeg on Mon Dec 3 21:57:43 2012

Changed to input 1 on Mon Dec 3 21:57:58 2012

played Videos/Fountainview_concert_2012.mpeg on Mon Dec 3 21:57:58 2012

Changed to input 3 on Mon Dec 3 21:58:30 2012

opened Videos/Worship_121201.mp4 on Mon Dec 3 22:59:45 2012

Changed to input 1 on Mon Dec 3 23:00:00 2012

played Videos/Worship_121201.mp4 on Mon Dec 3 23:00:00 2012

Changed to input 3 on Mon Dec 3 23:58:36 2012

opened Videos/Fountainview_concert_2012.mpeg on Tue Dec 4 08:58:30 2012

Changed to input 1 on Tue Dec 4 08:58:45 2012

played Videos/Fountainview_concert_2012.mpeg on Tue Dec 4 08:58:45 2012

Changed to input 3 on Tue Dec 4 08:59:17 2012

opened Videos/Fountainview_concert_2012.mpeg on Wed Dec 5 15:57:59 2012

Changed to input 1 on Wed Dec 5 15:58:14 2012

played Videos/Fountainview_concert_2012.mpeg on Wed Dec 5 15:58:14 2012

Changed to input 3 on Wed Dec 5 15:58:46 2012

opened Videos/Fountainview_concert_2012.mpeg on Wed Dec 5 17:59:15 2012

Changed to input 1 on Wed Dec 5 17:59:30 2012

played Videos/Fountainview_concert_2012.mpeg on Wed Dec 5 17:59:30 2012

Changed to input 3 on Wed Dec 5 18:00:02 2012

opened Videos/Fountainview_concert_2012.mpeg on Wed Dec 5 18:59:00 2012

Changed to input 1 on Wed Dec 5 18:59:15 2012

played Videos/Fountainview_concert_2012.mpeg on Wed Dec 5 18:59:15 2012

Changed to input 3 on Wed Dec 5 18:59:47 2012

opened Videos/Fountainview_concert_2012.mpeg on Wed Dec 5 20:58:30 2012

Changed to input 1 on Wed Dec 5 20:58:45 2012

played Videos/Fountainview_concert_2012.mpeg on Wed Dec 5 20:58:45 2012

Changed to input 3 on Wed Dec 5 20:59:17 2012

opened Videos/Worship_120211.mp4 on Thu Dec 6 01:59:45 2012

Changed to input 1 on Thu Dec 6 02:00:00 2012

played Videos/Worship_120211.mp4 on Thu Dec 6 02:00:00 2012

Changed to input 3 on Thu Dec 6 02:58:36 2012

opened Videos/Fountainview_concert_2012.mpeg on Thu Dec 6 04:59:00 2012

Changed to input 1 on Thu Dec 6 04:59:15 2012

played Videos/Fountainview_concert_2012.mpeg on Thu Dec 6 04:59:15 2012

Changed to input 3 on Thu Dec 6 04:59:47 2012

opened Videos/Fountainview_concert_2012.mpeg on Thu Dec 6 06:58:30 2012

Changed to input 1 on Thu Dec 6 06:58:45 2012

played Videos/Fountainview_concert_2012.mpeg on Thu Dec 6 06:58:45 2012

Changed to input 3 on Thu Dec 6 06:59:17 2012

opened Videos/Fountainview_concert_2012.mpeg on Thu Dec 6 10:12:56 2012

Changed to input 1 on Thu Dec 6 10:13:11 2012

played Videos/Fountainview_concert_2012.mpeg on Thu Dec 6 10:13:11 2012

Changed to input 3 on Thu Dec 6 10:13:43 2012

opened Videos/Fountainview_concert_2012.mpeg on Thu Dec 6 11:59:00 2012

Changed to input 1 on Thu Dec 6 11:59:15 2012

played Videos/Fountainview_concert_2012.mpeg on Thu Dec 6 11:59:15 2012

Changed to input 3 on Thu Dec 6 11:59:47 2012

opened Videos/Fountainview_concert_2012.mpeg on Thu Dec 6 13:59:00 2012

Changed to input 1 on Thu Dec 6 13:59:15 2012

played Videos/Fountainview_concert_2012.mpeg on Thu Dec 6 13:59:15 2012

Changed to input 3 on Thu Dec 6 13:59:47 2012

opened Videos/Fountainview_concert_2012.mpeg on Thu Dec 6 16:59:00 2012

Changed to input 1 on Thu Dec 6 16:59:15 2012

played Videos/Fountainview_concert_2012.mpeg on Thu Dec 6 16:59:15 2012

Changed to input 3 on Thu Dec 6 16:59:47 2012

opened Videos/Fountainview_concert_2012.mpeg on Thu Dec 6 18:58:45 2012

Changed to input 1 on Thu Dec 6 18:59:00 2012

played Videos/Fountainview_concert_2012.mpeg on Thu Dec 6 18:59:00 2012

Changed to input 3 on Thu Dec 6 18:59:32 2012

opened Videos/GO_387.mp4 on Fri Dec 7 07:59:45 2012

Changed to input 1 on Fri Dec 7 08:00:00 2012

played Videos/GO_387.mp4 on Fri Dec 7 08:00:00 2012

Changed to input 3 on Fri Dec 7 08:28:29 2012

opened Videos/IHW_110629.mp4 on Fri Dec 7 08:29:45 2012

Changed to input 1 on Fri Dec 7 08:30:00 2012

played Videos/IHW_110629.mp4 on Fri Dec 7 08:30:00 2012

Changed to input 3 on Fri Dec 7 08:58:33 2012

opened Videos/IHW_111116.mp4 on Fri Dec 7 18:59:45 2012

Changed to input 1 on Fri Dec 7 19:00:00 2012

played Videos/IHW_111116.mp4 on Fri Dec 7 19:00:00 2012

Changed to input 3 on Fri Dec 7 19:28:33 2012

opened Videos/Worship_121208.mp4 on Sat Dec 8 15:59:45 2012

Changed to input 1 on Sat Dec 8 16:00:00 2012

played Videos/Worship_121208.mp4 on Sat Dec 8 16:00:00 2012

Changed to input 3 on Sat Dec 8 16:58:36 2012

opened Videos/Worship_121208.mp4 on Sun Dec 9 09:59:45 2012

Changed to input 1 on Sun Dec 9 10:00:00 2012

played Videos/Worship_121208.mp4 on Sun Dec 9 10:00:00 2012

Changed to input 3 on Sun Dec 9 10:58:36 2012

opened Videos/GO_409.mp4 on Mon Dec 10 15:59:45 2012

Changed to input 1 on Mon Dec 10 16:00:00 2012

played Videos/GO_409.mp4 on Mon Dec 10 16:00:00 2012

Changed to input 3 on Mon Dec 10 16:28:31 2012

opened Videos/IHW_110921.mp4 on Mon Dec 10 16:29:45 2012

Changed to input 1 on Mon Dec 10 16:30:00 2012

played Videos/IHW_110921.mp4 on Mon Dec 10 16:30:00 2012

Changed to input 3 on Mon Dec 10 16:58:34 2012

opened Videos/Worship_121208.mp4 on Mon Dec 10 22:59:45 2012

Changed to input 1 on Mon Dec 10 23:00:00 2012

played Videos/Worship_121208.mp4 on Mon Dec 10 23:00:00 2012

Changed to input 3 on Mon Dec 10 23:58:36 2012

opened Videos/Worship_120218.mp4 on Thu Dec 13 01:59:45 2012

Changed to input 1 on Thu Dec 13 02:00:00 2012

played Videos/Worship_120218.mp4 on Thu Dec 13 02:00:00 2012

Changed to input 3 on Thu Dec 13 02:58:37 2012

opened Videos/GO_388.mp4 on Fri Dec 14 07:59:45 2012

Changed to input 1 on Fri Dec 14 08:00:00 2012

played Videos/GO_388.mp4 on Fri Dec 14 08:00:00 2012

Changed to input 3 on Fri Dec 14 08:28:29 2012

opened Videos/IHW_020310.mp4 on Fri Dec 14 08:29:45 2012

Changed to input 1 on Fri Dec 14 08:30:00 2012

played Videos/IHW_020310.mp4 on Fri Dec 14 08:30:00 2012

Changed to input 3 on Fri Dec 14 08:58:33 2012

opened Videos/IHW_110824.mp4 on Fri Dec 14 18:59:45 2012

Changed to input 1 on Fri Dec 14 19:00:00 2012

played Videos/IHW_110824.mp4 on Fri Dec 14 19:00:00 2012

Changed to input 3 on Fri Dec 14 19:28:33 2012

Changed to input 3 on Sat Dec 15 12:13:42 2012

opened Videos/Worship_121215.mp4 on Sat Dec 15 15:59:45 2012

Changed to input 1 on Sat Dec 15 16:00:00 2012

played Videos/Worship_121215.mp4 on Sat Dec 15 16:00:00 2012

Changed to input 4 on Sat Dec 15 16:58:37 2012

opened Videos/Worship_121215.mp4 on Sun Dec 16 09:59:45 2012

Changed to input 1 on Sun Dec 16 10:00:00 2012

played Videos/Worship_121215.mp4 on Sun Dec 16 10:00:00 2012

Changed to input 4 on Sun Dec 16 10:58:37 2012

opened Videos/GO_410.mp4 on Mon Dec 17 15:59:45 2012

Changed to input 1 on Mon Dec 17 16:00:00 2012

played Videos/GO_410.mp4 on Mon Dec 17 16:00:00 2012

Changed to input 4 on Mon Dec 17 16:27:03 2012

opened Videos/IHW_111130.mp4 on Mon Dec 17 16:29:45 2012

Changed to input 1 on Mon Dec 17 16:30:00 2012

played Videos/IHW_111130.mp4 on Mon Dec 17 16:30:00 2012

Changed to input 4 on Mon Dec 17 16:58:32 2012

opened Videos/Worship_121215.mp4 on Mon Dec 17 22:59:45 2012

Changed to input 1 on Mon Dec 17 23:00:00 2012

played Videos/Worship_121215.mp4 on Mon Dec 17 23:00:00 2012

Changed to input 4 on Mon Dec 17 23:58:37 2012

opened Videos/Worship_120225.mp4 on Thu Dec 20 01:59:45 2012

Changed to input 1 on Thu Dec 20 02:00:00 2012

played Videos/Worship_120225.mp4 on Thu Dec 20 02:00:00 2012

Changed to input 4 on Thu Dec 20 02:58:38 2012

opened Videos/Worship_121222.mp4 on Sat Dec 22 16:04:45 2012

Changed to input 1 on Sat Dec 22 16:05:00 2012

played Videos/Worship_121222.mp4 on Sat Dec 22 16:05:00 2012

Changed to input 1 on Sat Dec 22 16:05:57 2012

Changed to input 1 on Sat Dec 22 16:07:51 2012

Changed to input 1 on Sat Dec 22 16:08:02 2012

Changed to input 4 on Sat Dec 22 16:08:18 2012

opened Videos/Worship_121222.mp4 on Sat Dec 22 16:29:51 2012

Changed to input 1 on Sat Dec 22 16:30:00 2012

played Videos/Worship_121222.mp4 on Sat Dec 22 16:30:00 2012

Changed to input 4 on Sat Dec 22 17:28:32 2012

opened Videos/Worship_121222.mp4 on Sun Dec 23 09:59:45 2012

Changed to input 1 on Sun Dec 23 10:00:00 2012

played Videos/Worship_121222.mp4 on Sun Dec 23 10:00:00 2012

Changed to input 4 on Sun Dec 23 10:00:12 2012

opened Videos/Worship_121222.mp4 on Sun Dec 23 10:00:13 2012

Changed to input 1 on Sun Dec 23 10:00:13 2012

played Videos/Worship_121222.mp4 on Sun Dec 23 10:00:13 2012

Changed to input 4 on Sun Dec 23 10:00:18 2012

opened Videos/Worship_121222.mp4 on Sun Dec 23 10:00:18 2012

Changed to input 1 on Sun Dec 23 10:00:18 2012

played Videos/Worship_121222.mp4 on Sun Dec 23 10:00:18 2012

Changed to input 4 on Sun Dec 23 10:00:23 2012

opened Videos/Worship_121222.mp4 on Sun Dec 23 10:00:23 2012

Changed to input 1 on Sun Dec 23 10:00:23 2012

played Videos/Worship_121222.mp4 on Sun Dec 23 10:00:23 2012

Changed to input 4 on Sun Dec 23 10:00:29 2012

opened Videos/Worship_121222.mp4 on Mon Dec 24 22:59:45 2012

Changed to input 1 on Mon Dec 24 23:00:00 2012

played Videos/Worship_121222.mp4 on Mon Dec 24 23:00:00 2012

Changed to input 4 on Mon Dec 24 23:00:15 2012

opened Videos/Worship_121222.mp4 on Mon Dec 24 23:00:15 2012

Changed to input 1 on Mon Dec 24 23:00:15 2012

played Videos/Worship_121222.mp4 on Mon Dec 24 23:00:15 2012

Changed to input 4 on Mon Dec 24 23:00:20 2012

opened Videos/Worship_121222.mp4 on Mon Dec 24 23:00:20 2012

Changed to input 1 on Mon Dec 24 23:00:20 2012

played Videos/Worship_121222.mp4 on Mon Dec 24 23:00:20 2012

Changed to input 4 on Mon Dec 24 23:00:26 2012

opened Videos/Worship_121222.mp4 on Mon Dec 24 23:00:26 2012

Changed to input 1 on Mon Dec 24 23:00:26 2012

played Videos/Worship_121222.mp4 on Mon Dec 24 23:00:26 2012

Changed to input 4 on Mon Dec 24 23:00:32 2012

opened Videos/Worship_120929.mp4 on Sat Jan 12 15:59:46 2013

Changed to input 1 on Sat Jan 12 16:00:00 2013

played Videos/Worship_120929.mp4 on Sat Jan 12 16:00:00 2013

Changed to input 4 on Sat Jan 12 16:58:36 2013

opened Videos/Worship_120929.mp4 on Sun Jan 13 09:59:45 2013

Changed to input 1 on Sun Jan 13 10:00:00 2013

played Videos/Worship_120929.mp4 on Sun Jan 13 10:00:00 2013

Changed to input 4 on Sun Jan 13 10:58:36 2013

opened Videos/Worship_120929.mp4 on Mon Jan 14 22:59:45 2013

Changed to input 1 on Mon Jan 14 23:00:00 2013

played Videos/Worship_120929.mp4 on Mon Jan 14 23:00:00 2013

Changed to input 4 on Mon Jan 14 23:58:36 2013

opened Videos/Worship_130119.mp4 on Sat Jan 19 15:59:45 2013

Changed to input 1 on Sat Jan 19 16:00:00 2013

played Videos/Worship_130119.mp4 on Sat Jan 19 16:00:00 2013

Changed to input 3 on Sat Jan 19 16:08:59 2013

Changed to input 4 on Sat Jan 19 16:58:36 2013

Changed to input 4 on Sun Jan 20 08:47:00 2013

opened Videos/Worship_130119.mp4 on Sun Jan 20 08:50:45 2013

Changed to input 1 on Sun Jan 20 08:51:00 2013

played Videos/Worship_130119.mp4 on Sun Jan 20 08:51:00 2013

Changed to input 4 on Sun Jan 20 09:00:27 2013

opened Videos/Worship_130119.mp4 on Sun Jan 20 09:07:54 2013

Changed to input 1 on Sun Jan 20 09:08:00 2013

played Videos/Worship_130119.mp4 on Sun Jan 20 09:08:00 2013

Changed to input 4 on Sun Jan 20 09:08:27 2013

opened Videos/Worship_130119.mp4 on Sun Jan 20 09:59:45 2013

Changed to input 1 on Sun Jan 20 10:00:00 2013

played Videos/Worship_130119.mp4 on Sun Jan 20 10:00:00 2013

Changed to input 4 on Sun Jan 20 10:58:36 2013

opened Videos/IHW_111130.mp4 on Mon Jan 21 16:29:45 2013

Changed to input 1 on Mon Jan 21 16:30:00 2013

played Videos/IHW_111130.mp4 on Mon Jan 21 16:30:00 2013

Changed to input 4 on Mon Jan 21 16:58:32 2013

opened Videos/Worship_130119.mp4 on Mon Jan 21 22:59:45 2013

Changed to input 1 on Mon Jan 21 23:00:00 2013

played Videos/Worship_130119.mp4 on Mon Jan 21 23:00:00 2013

Changed to input 4 on Mon Jan 21 23:58:36 2013

opened Videos/Worship_120211.mp4 on Thu Jan 24 01:59:45 2013

Changed to input 1 on Thu Jan 24 02:00:00 2013

played Videos/Worship_120211.mp4 on Thu Jan 24 02:00:00 2013

Changed to input 4 on Thu Jan 24 02:58:36 2013

opened Videos/IHW_120321.mp4 on Fri Jan 25 08:29:45 2013

Changed to input 1 on Fri Jan 25 08:30:00 2013

played Videos/IHW_120321.mp4 on Fri Jan 25 08:30:00 2013

Changed to input 4 on Fri Jan 25 08:58:33 2013

opened Videos/IHW_111228.mp4 on Fri Jan 25 18:59:45 2013

Changed to input 1 on Fri Jan 25 19:00:00 2013

played Videos/IHW_111228.mp4 on Fri Jan 25 19:00:00 2013

Changed to input 4 on Fri Jan 25 19:28:32 2013

opened Videos/Worship_130126.mp4 on Sat Jan 26 15:59:45 2013

Changed to input 1 on Sat Jan 26 16:00:00 2013

played Videos/Worship_130126.mp4 on Sat Jan 26 16:00:00 2013

Changed to input 4 on Sat Jan 26 16:58:36 2013

opened Videos/Worship_130126.mp4 on Sun Jan 27 09:59:45 2013

Changed to input 1 on Sun Jan 27 10:00:00 2013

played Videos/Worship_130126.mp4 on Sun Jan 27 10:00:00 2013

Changed to input 4 on Sun Jan 27 10:58:36 2013

opened Videos/IHW_110608.m4v on Mon Jan 28 16:29:45 2013

Changed to input 1 on Mon Jan 28 16:30:00 2013

played Videos/IHW_110608.m4v on Mon Jan 28 16:30:00 2013

Changed to input 4 on Mon Jan 28 16:58:33 2013

opened Videos/Worship_130126.mp4 on Mon Jan 28 22:59:45 2013

Changed to input 1 on Mon Jan 28 23:00:00 2013

played Videos/Worship_130126.mp4 on Mon Jan 28 23:00:00 2013

Changed to input 4 on Mon Jan 28 23:58:36 2013

opened Videos/Worship_120218.mp4 on Thu Jan 31 01:59:45 2013

Changed to input 1 on Thu Jan 31 02:00:00 2013

played Videos/Worship_120218.mp4 on Thu Jan 31 02:00:00 2013

Changed to input 4 on Thu Jan 31 02:58:37 2013

opened Videos/IHW_120509.mp4 on Fri Feb 1 08:29:45 2013

Changed to input 1 on Fri Feb 1 08:30:00 2013

played Videos/IHW_120509.mp4 on Fri Feb 1 08:30:00 2013

Changed to input 4 on Fri Feb 1 08:58:33 2013

opened Videos/IHW_120530.mp4 on Fri Feb 1 18:59:45 2013

Changed to input 1 on Fri Feb 1 19:00:00 2013

played Videos/IHW_120530.mp4 on Fri Feb 1 19:00:00 2013

Changed to input 4 on Fri Feb 1 19:28:33 2013

opened Videos/Worship_130202.mp4 on Sat Feb 2 15:59:45 2013

Changed to input 1 on Sat Feb 2 16:00:00 2013

played Videos/Worship_130202.mp4 on Sat Feb 2 16:00:00 2013

Changed to input 4 on Sat Feb 2 16:58:45 2013

opened Videos/Worship_130202.mp4 on Sun Feb 3 09:59:45 2013

Changed to input 1 on Sun Feb 3 10:00:00 2013

played Videos/Worship_130202.mp4 on Sun Feb 3 10:00:00 2013

Changed to input 4 on Sun Feb 3 10:58:45 2013

opened Videos/GO_417.mp4 on Mon Feb 4 15:59:45 2013

Changed to input 1 on Mon Feb 4 16:00:00 2013

played Videos/GO_417.mp4 on Mon Feb 4 16:00:00 2013

Changed to input 4 on Mon Feb 4 16:28:31 2013

opened Videos/Worship_130202.mp4 on Mon Feb 4 22:59:45 2013

Changed to input 1 on Mon Feb 4 23:00:00 2013

played Videos/Worship_130202.mp4 on Mon Feb 4 23:00:00 2013

Changed to input 4 on Mon Feb 4 23:58:45 2013

opened Videos/IHW_110921.mp4 on Fri Feb 8 18:59:45 2013

Changed to input 1 on Fri Feb 8 19:00:00 2013

played Videos/IHW_110921.mp4 on Fri Feb 8 19:00:00 2013

Changed to input 4 on Fri Feb 8 19:28:34 2013

opened Videos/Worship_130209.mp4 on Sat Feb 9 15:59:45 2013

Changed to input 1 on Sat Feb 9 16:00:00 2013

played Videos/Worship_130209.mp4 on Sat Feb 9 16:00:00 2013

Changed to input 4 on Sat Feb 9 16:58:36 2013

opened Videos/Worship_130209.mp4 on Sun Feb 10 09:59:45 2013

Changed to input 1 on Sun Feb 10 10:00:00 2013

played Videos/Worship_130209.mp4 on Sun Feb 10 10:00:00 2013

Changed to input 4 on Sun Feb 10 10:58:36 2013

opened Videos/Worship_130209.mp4 on Mon Feb 11 22:59:45 2013

Changed to input 1 on Mon Feb 11 23:00:00 2013

played Videos/Worship_130209.mp4 on Mon Feb 11 23:00:00 2013

Changed to input 4 on Mon Feb 11 23:58:36 2013

opened Videos/Worship_130216.mp4 on Sat Feb 16 15:59:45 2013

Changed to input 1 on Sat Feb 16 16:00:00 2013

played Videos/Worship_130216.mp4 on Sat Feb 16 16:00:00 2013

Changed to input 4 on Sat Feb 16 16:58:50 2013

opened Videos/Worship_130216.mp4 on Sun Feb 17 09:59:45 2013

Changed to input 1 on Sun Feb 17 10:00:00 2013

played Videos/Worship_130216.mp4 on Sun Feb 17 10:00:00 2013

Changed to input 4 on Sun Feb 17 10:58:37 2013

opened Videos/GO_419.mp4 on Mon Feb 18 15:59:45 2013

Changed to input 1 on Mon Feb 18 16:00:00 2013

played Videos/GO_419.mp4 on Mon Feb 18 16:00:00 2013

Changed to input 4 on Mon Feb 18 16:28:31 2013

opened Videos/Worship_130216.mp4 on Mon Feb 18 22:59:45 2013

Changed to input 1 on Mon Feb 18 23:00:00 2013

played Videos/Worship_130216.mp4 on Mon Feb 18 23:00:00 2013

Changed to input 4 on Mon Feb 18 23:58:37 2013

opened Videos/Worship_130216.mp4 on Thu Feb 21 01:59:45 2013

Changed to input 1 on Thu Feb 21 02:00:00 2013

played Videos/Worship_130216.mp4 on Thu Feb 21 02:00:00 2013

Changed to input 4 on Thu Feb 21 02:58:37 2013

opened Videos/GO_401.mp4 on Fri Feb 22 07:59:45 2013

Changed to input 1 on Fri Feb 22 08:00:00 2013

played Videos/GO_401.mp4 on Fri Feb 22 08:00:00 2013

Changed to input 4 on Fri Feb 22 08:28:29 2013

opened Videos/Worship_130223.mp4 on Sat Feb 23 15:59:45 2013

Changed to input 1 on Sat Feb 23 16:00:00 2013

played Videos/Worship_130223.mp4 on Sat Feb 23 16:00:00 2013

Changed to input 4 on Sat Feb 23 16:58:35 2013

opened Videos/Worship_130223.mp4 on Sun Feb 24 09:59:45 2013

Changed to input 1 on Sun Feb 24 10:00:00 2013

played Videos/Worship_130223.mp4 on Sun Feb 24 10:00:00 2013

Changed to input 4 on Sun Feb 24 10:58:35 2013

opened Videos/Worship_130302.mp4 on Sat Mar 2 15:59:46 2013

Changed to input 1 on Sat Mar 2 16:00:00 2013

played Videos/Worship_130302.mp4 on Sat Mar 2 16:00:00 2013

Changed to input 4 on Sat Mar 2 16:58:45 2013

opened Videos/Worship_130302.mp4 on Sun Mar 3 09:59:45 2013

Changed to input 1 on Sun Mar 3 10:00:00 2013

played Videos/Worship_130302.mp4 on Sun Mar 3 10:00:00 2013

Changed to input 4 on Sun Mar 3 10:58:45 2013

Changed to input 4 on Mon Mar 4 09:12:27 2013

Changed to input 3 on Mon Mar 4 09:12:35 2013

Changed to input 4 on Mon Mar 4 09:12:42 2013

Changed to input 3 on Mon Mar 4 09:12:44 2013

Changed to input 4 on Mon Mar 4 11:54:19 2013

Changed to input 3 on Mon Mar 4 12:36:18 2013

Changed to input 4 on Mon Mar 4 12:36:22 2013

Changed to input 3 on Mon Mar 4 12:36:24 2013

opened Videos/Mayhew Concert.mp4 on Mon Mar 4 16:29:45 2013

Changed to input 1 on Mon Mar 4 16:30:00 2013

played Videos/Mayhew Concert.mp4 on Mon Mar 4 16:30:00 2013

Changed to input 3 on Mon Mar 4 16:58:33 2013

opened Videos/Worship_130302.mp4 on Mon Mar 4 22:59:45 2013

Changed to input 1 on Mon Mar 4 23:00:00 2013

played Videos/Worship_130302.mp4 on Mon Mar 4 23:00:00 2013

Changed to input 3 on Mon Mar 4 23:58:45 2013

opened Videos/Beerman_Concert.m4v on Thu Mar 7 01:59:45 2013

Changed to input 1 on Thu Mar 7 02:00:00 2013

played Videos/Beerman_Concert.m4v on Thu Mar 7 02:00:00 2013

Changed to input 3 on Thu Mar 7 02:58:36 2013

opened Videos/Worship_130309.mp4 on Sat Mar 9 15:59:45 2013

Changed to input 1 on Sat Mar 9 16:00:00 2013

played Videos/Worship_130309.mp4 on Sat Mar 9 16:00:00 2013

Changed to input 3 on Sat Mar 9 16:58:35 2013

opened Videos/Worship_130309.mp4 on Sun Mar 10 09:59:45 2013

Changed to input 1 on Sun Mar 10 10:00:00 2013

played Videos/Worship_130309.mp4 on Sun Mar 10 10:00:00 2013

Changed to input 3 on Sun Mar 10 10:58:35 2013

opened Videos/Worship_130309.mp4 on Mon Mar 11 22:59:45 2013

Changed to input 1 on Mon Mar 11 23:00:00 2013

played Videos/Worship_130309.mp4 on Mon Mar 11 23:00:00 2013

Changed to input 3 on Mon Mar 11 23:58:35 2013

opened Videos/Worship_130316.mp4 on Sat Mar 16 15:59:46 2013

Changed to input 1 on Sat Mar 16 16:00:00 2013

played Videos/Worship_130316.mp4 on Sat Mar 16 16:00:00 2013

Changed to input 3 on Sat Mar 16 16:58:35 2013

opened Videos/Worship_130316.mp4 on Sun Mar 17 09:59:45 2013

Changed to input 1 on Sun Mar 17 10:00:00 2013

played Videos/Worship_130316.mp4 on Sun Mar 17 10:00:00 2013

Changed to input 3 on Sun Mar 17 10:58:35 2013

opened Videos/Worship_130316.mp4 on Mon Mar 18 22:59:45 2013

Changed to input 1 on Mon Mar 18 23:00:00 2013

played Videos/Worship_130316.mp4 on Mon Mar 18 23:00:00 2013

Changed to input 3 on Mon Mar 18 23:58:35 2013

opened Videos/IHW_110608.m4v on Fri Mar 22 18:59:45 2013

Changed to input 1 on Fri Mar 22 19:00:00 2013

played Videos/IHW_110608.m4v on Fri Mar 22 19:00:00 2013

Changed to input 3 on Fri Mar 22 19:28:33 2013

opened Videos/Worship_130323.mp4 on Sat Mar 23 15:59:45 2013

Changed to input 1 on Sat Mar 23 16:00:00 2013

played Videos/Worship_130323.mp4 on Sat Mar 23 16:00:00 2013

Changed to input 3 on Sat Mar 23 16:58:12 2013

opened Videos/Worship_130323.mp4 on Sun Mar 24 09:59:45 2013

Changed to input 1 on Sun Mar 24 10:00:00 2013

played Videos/Worship_130323.mp4 on Sun Mar 24 10:00:00 2013

Changed to input 3 on Sun Mar 24 10:58:12 2013

opened Videos/Worship_130323.mp4 on Mon Mar 25 22:59:45 2013

Changed to input 1 on Mon Mar 25 23:00:00 2013

played Videos/Worship_130323.mp4 on Mon Mar 25 23:00:00 2013

Changed to input 3 on Mon Mar 25 23:58:12 2013

opened Videos/Worship_130330.mp4 on Sat Mar 30 15:59:45 2013

Changed to input 1 on Sat Mar 30 16:00:00 2013

played Videos/Worship_130330.mp4 on Sat Mar 30 16:00:00 2013

Changed to input 3 on Sat Mar 30 16:58:35 2013

opened Videos/Worship_130330.mp4 on Sun Mar 31 09:59:45 2013

Changed to input 1 on Sun Mar 31 10:00:00 2013

played Videos/Worship_130330.mp4 on Sun Mar 31 10:00:00 2013

Changed to input 3 on Sun Mar 31 10:58:36 2013

opened Videos/Worship_130330.mp4 on Mon Apr 1 22:59:45 2013

Changed to input 1 on Mon Apr 1 23:00:00 2013

played Videos/Worship_130330.mp4 on Mon Apr 1 23:00:00 2013

Changed to input 3 on Mon Apr 1 23:58:36 2013

opened Videos/Worship_130316.mp4 on Sat Apr 6 15:59:45 2013

Changed to input 1 on Sat Apr 6 16:00:00 2013

played Videos/Worship_130316.mp4 on Sat Apr 6 16:00:00 2013

Changed to input 3 on Sat Apr 6 16:58:35 2013

opened Videos/Worship_130316.mp4 on Sun Apr 7 09:59:45 2013

Changed to input 1 on Sun Apr 7 10:00:00 2013

played Videos/Worship_130316.mp4 on Sun Apr 7 10:00:00 2013

Changed to input 3 on Sun Apr 7 10:58:35 2013

opened Videos/Worship_130316.mp4 on Mon Apr 8 22:59:45 2013

Changed to input 1 on Mon Apr 8 23:00:00 2013

played Videos/Worship_130316.mp4 on Mon Apr 8 23:00:00 2013

Changed to input 3 on Mon Apr 8 23:58:35 2013

Changed to input 3 on Thu Apr 11 07:11:29 2013

Changed to input 4 on Thu Apr 11 07:13:21 2013

Changed to input 3 on Thu Apr 11 07:16:39 2013

opened Videos/IHW_020310.mp4 on Thu Apr 11 14:33:15 2013

Changed to input 1 on Thu Apr 11 14:33:30 2013

played Videos/IHW_020310.mp4 on Thu Apr 11 14:33:30 2013

Changed to input 3 on Thu Apr 11 15:02:03 2013

opened Videos/Worship_120707.mp4 on Thu Apr 11 15:02:04 2013

Changed to input 1 on Thu Apr 11 15:02:04 2013

played Videos/Worship_120707.mp4 on Thu Apr 11 15:02:04 2013

Changed to input 3 on Thu Apr 11 15:02:10 2013

opened Videos/Worship_120707.mp4 on Thu Apr 11 15:06:33 2013

Changed to input 1 on Thu Apr 11 15:06:40 2013

played Videos/Worship_120707.mp4 on Thu Apr 11 15:06:40 2013

Changed to input 3 on Thu Apr 11 15:06:40 2013

opened Videos/Worship_120707.mp4 on Thu Apr 11 15:08:15 2013

Changed to input 1 on Thu Apr 11 15:08:30 2013

played Videos/Worship_120707.mp4 on Thu Apr 11 15:08:30 2013

Changed to input 3 on Thu Apr 11 15:08:30 2013

opened Videos/Worship_130126.mp4 on Thu Apr 11 15:09:28 2013

Changed to input 1 on Thu Apr 11 15:09:30 2013

played Videos/Worship_130126.mp4 on Thu Apr 11 15:09:30 2013

Changed to input 3 on Thu Apr 11 16:08:06 2013

opened Videos/Worship_120512.mp4 on Thu Apr 11 16:08:30 2013

Changed to input 1 on Thu Apr 11 16:08:45 2013

played Videos/Worship_120512.mp4 on Thu Apr 11 16:08:45 2013

Changed to input 3 on Thu Apr 11 17:07:19 2013

opened Videos/IHW_110720.mp4 on Thu Apr 11 17:07:45 2013

Changed to input 1 on Thu Apr 11 17:08:00 2013

played Videos/IHW_110720.mp4 on Thu Apr 11 17:08:00 2013

Changed to input 3 on Thu Apr 11 17:36:32 2013

opened Videos/Worship_130413.mp4 on Sat Apr 13 15:59:46 2013

Changed to input 1 on Sat Apr 13 16:00:00 2013

played Videos/Worship_130413.mp4 on Sat Apr 13 16:00:00 2013

Changed to input 3 on Sat Apr 13 16:58:36 2013

opened Videos/Worship_130413.mp4 on Sun Apr 14 09:59:45 2013

Changed to input 1 on Sun Apr 14 10:00:00 2013

played Videos/Worship_130413.mp4 on Sun Apr 14 10:00:00 2013

Changed to input 3 on Sun Apr 14 10:58:36 2013

opened Videos/Worship_130413.mp4 on Mon Apr 15 22:59:45 2013

Changed to input 1 on Mon Apr 15 23:00:00 2013

played Videos/Worship_130413.mp4 on Mon Apr 15 23:00:00 2013

Changed to input 3 on Mon Apr 15 23:58:36 2013

Changed to input 3 on Fri Apr 19 18:01:07 2013

Changed to input 1 on Fri Apr 19 18:01:39 2013

Changed to input 3 on Fri Apr 19 18:01:46 2013

Changed to input 4 on Fri Apr 19 18:01:59 2013

Changed to input 3 on Fri Apr 19 18:02:10 2013

opened Videos/IHW_110824.mp4 on Fri Apr 19 18:08:53 2013

Changed to input 1 on Fri Apr 19 18:09:00 2013

played Videos/IHW_110824.mp4 on Fri Apr 19 18:09:00 2013

Changed to input 3 on Fri Apr 19 18:37:33 2013

opened Videos/IHW_012010.mp4 on Fri Apr 19 18:41:52 2013

Changed to input 1 on Fri Apr 19 18:42:00 2013

played Videos/IHW_012010.mp4 on Fri Apr 19 18:42:00 2013

Changed to input 3 on Fri Apr 19 19:10:35 2013

opened Videos/Worship_130202.mp4 on Fri Apr 19 19:10:40 2013

Changed to input 1 on Fri Apr 19 19:10:55 2013

played Videos/Worship_130202.mp4 on Fri Apr 19 19:10:55 2013

Changed to input 3 on Fri Apr 19 20:09:40 2013

opened Videos/Worship_130209.mp4 on Fri Apr 19 20:09:40 2013

Changed to input 1 on Fri Apr 19 20:09:45 2013

played Videos/Worship_130209.mp4 on Fri Apr 19 20:09:45 2013

Changed to input 1 on Fri Apr 19 20:59:59 2013

Changed to input 3 on Fri Apr 19 21:01:40 2013

Changed to input 3 on Fri Apr 19 21:08:21 2013

opened Videos/Worship_130420.mp4 on Sat Apr 20 15:59:45 2013

Changed to input 1 on Sat Apr 20 16:00:00 2013

played Videos/Worship_130420.mp4 on Sat Apr 20 16:00:00 2013

Changed to input 3 on Sat Apr 20 16:58:35 2013

opened Videos/Worship_130420.mp4 on Sun Apr 21 09:59:45 2013

Changed to input 1 on Sun Apr 21 10:00:00 2013

played Videos/Worship_130420.mp4 on Sun Apr 21 10:00:00 2013

Changed to input 3 on Sun Apr 21 10:58:35 2013

opened Videos/Worship_130420.mp4 on Mon Apr 22 22:59:45 2013

Changed to input 1 on Mon Apr 22 23:00:00 2013

played Videos/Worship_130420.mp4 on Mon Apr 22 23:00:00 2013

Changed to input 3 on Mon Apr 22 23:58:35 2013

opened Videos/Worship_130427.mp4 on Sat Apr 27 15:59:45 2013

Changed to input 1 on Sat Apr 27 16:00:00 2013

played Videos/Worship_130427.mp4 on Sat Apr 27 16:00:00 2013

Changed to input 3 on Sat Apr 27 16:58:35 2013

opened Videos/Worship_130427.mp4 on Sun Apr 28 09:59:45 2013

Changed to input 1 on Sun Apr 28 10:00:00 2013

played Videos/Worship_130427.mp4 on Sun Apr 28 10:00:00 2013

Changed to input 3 on Sun Apr 28 10:58:35 2013

opened Videos/Worship_130427.mp4 on Mon Apr 29 22:59:45 2013

Changed to input 1 on Mon Apr 29 23:00:00 2013

played Videos/Worship_130427.mp4 on Mon Apr 29 23:00:00 2013

Changed to input 3 on Mon Apr 29 23:58:35 2013

opened Videos/Worship_130504.mp4 on Sat May 4 15:59:45 2013

Changed to input 1 on Sat May 4 16:00:00 2013

played Videos/Worship_130504.mp4 on Sat May 4 16:00:00 2013

Changed to input 3 on Sat May 4 16:58:35 2013

opened Videos/Worship_130504.mp4 on Sun May 5 09:59:45 2013

Changed to input 1 on Sun May 5 10:00:00 2013

played Videos/Worship_130504.mp4 on Sun May 5 10:00:00 2013

Changed to input 3 on Sun May 5 10:58:35 2013

opened Videos/pastor - power outage.mpg on Mon May 6 20:58:15 2013

Changed to input 1 on Mon May 6 20:58:30 2013

played Videos/pastor - power outage.mpg on Mon May 6 20:58:30 2013

Changed to input 3 on Mon May 6 20:59:59 2013

opened Videos/Worship_130504.mp4 on Mon May 6 22:59:45 2013

Changed to input 1 on Mon May 6 23:00:00 2013

played Videos/Worship_130504.mp4 on Mon May 6 23:00:00 2013

Changed to input 3 on Mon May 6 23:58:35 2013

opened Videos/pastor - power outage.mpg on Tue May 7 06:58:15 2013

Changed to input 1 on Tue May 7 06:58:30 2013

played Videos/pastor - power outage.mpg on Tue May 7 06:58:30 2013

Changed to input 3 on Tue May 7 06:59:59 2013

opened Videos/pastor - power outage.mpg on Tue May 7 08:58:15 2013

Changed to input 1 on Tue May 7 08:58:30 2013

played Videos/pastor - power outage.mpg on Tue May 7 08:58:30 2013

Changed to input 3 on Tue May 7 08:59:59 2013

opened Videos/pastor - power outage.mpg on Tue May 7 11:58:15 2013

Changed to input 1 on Tue May 7 11:58:30 2013

played Videos/pastor - power outage.mpg on Tue May 7 11:58:30 2013

Changed to input 3 on Tue May 7 11:59:59 2013

opened Videos/pastor - power outage.mpg on Tue May 7 15:58:15 2013

Changed to input 1 on Tue May 7 15:58:30 2013

played Videos/pastor - power outage.mpg on Tue May 7 15:58:30 2013

Changed to input 3 on Tue May 7 15:59:59 2013

opened Videos/pastor - power outage.mpg on Tue May 7 17:58:15 2013

Changed to input 1 on Tue May 7 17:58:30 2013

played Videos/pastor - power outage.mpg on Tue May 7 17:58:30 2013

Changed to input 3 on Tue May 7 17:59:59 2013

opened Videos/pastor - power outage.mpg on Tue May 7 21:58:15 2013

Changed to input 1 on Tue May 7 21:58:30 2013

played Videos/pastor - power outage.mpg on Tue May 7 21:58:30 2013

Changed to input 3 on Tue May 7 21:59:59 2013

opened Videos/Worship_130511.mp4 on Sat May 11 15:59:45 2013

Changed to input 1 on Sat May 11 16:00:00 2013

played Videos/Worship_130511.mp4 on Sat May 11 16:00:00 2013

Changed to input 3 on Sat May 11 16:58:36 2013

opened Videos/Worship_130511.mp4 on Sun May 12 09:59:45 2013

Changed to input 1 on Sun May 12 10:00:00 2013

played Videos/Worship_130511.mp4 on Sun May 12 10:00:00 2013

Changed to input 3 on Sun May 12 10:58:36 2013

opened Videos/Worship_130511.mp4 on Mon May 13 22:59:45 2013

Changed to input 1 on Mon May 13 23:00:00 2013

played Videos/Worship_130511.mp4 on Mon May 13 23:00:00 2013

Changed to input 3 on Mon May 13 23:58:36 2013

opened Videos/Worship_130518.mp4 on Sat May 18 15:59:45 2013

Changed to input 1 on Sat May 18 16:00:00 2013

played Videos/Worship_130518.mp4 on Sat May 18 16:00:00 2013

Changed to input 3 on Sat May 18 16:58:47 2013

opened Videos/Worship_130518.mp4 on Sun May 19 09:59:45 2013

Changed to input 1 on Sun May 19 10:00:00 2013

played Videos/Worship_130518.mp4 on Sun May 19 10:00:00 2013

Changed to input 3 on Sun May 19 10:58:47 2013

opened Videos/Worship_130518.mp4 on Mon May 20 22:59:45 2013

Changed to input 1 on Mon May 20 23:00:00 2013

played Videos/Worship_130518.mp4 on Mon May 20 23:00:00 2013

Changed to input 3 on Mon May 20 23:58:47 2013

opened Videos/Worship_130525.mp4 on Sat May 25 15:59:45 2013

Changed to input 1 on Sat May 25 16:00:00 2013

played Videos/Worship_130525.mp4 on Sat May 25 16:00:00 2013

Changed to input 3 on Sat May 25 16:58:35 2013

opened Videos/Worship_130525.mp4 on Sun May 26 09:59:45 2013

Changed to input 1 on Sun May 26 10:00:00 2013

played Videos/Worship_130525.mp4 on Sun May 26 10:00:00 2013

Changed to input 3 on Sun May 26 10:58:35 2013

opened Videos/Worship_130525.mp4 on Mon May 27 22:59:45 2013

Changed to input 1 on Mon May 27 23:00:00 2013

played Videos/Worship_130525.mp4 on Mon May 27 23:00:00 2013

Changed to input 3 on Mon May 27 23:58:36 2013

Changed to input 5 on Sat Jun 1 13:11:04 2013

opened Videos/Worship_130601.mp4 on Sat Jun 1 15:59:45 2013

Changed to input 1 on Sat Jun 1 16:00:00 2013

played Videos/Worship_130601.mp4 on Sat Jun 1 16:00:00 2013

Changed to input 3 on Sat Jun 1 16:58:35 2013

opened Videos/Worship_130601.mp4 on Sun Jun 2 09:59:45 2013

Changed to input 1 on Sun Jun 2 10:00:00 2013

played Videos/Worship_130601.mp4 on Sun Jun 2 10:00:00 2013

Changed to input 3 on Sun Jun 2 10:58:35 2013

opened Videos/Worship_130601.mp4 on Mon Jun 3 22:59:45 2013

Changed to input 1 on Mon Jun 3 23:00:00 2013

played Videos/Worship_130601.mp4 on Mon Jun 3 23:00:00 2013

Changed to input 3 on Mon Jun 3 23:58:35 2013

opened Videos/Worship_130608.mp4 on Sun Jun 9 09:59:46 2013

Changed to input 1 on Sun Jun 9 10:00:00 2013

played Videos/Worship_130608.mp4 on Sun Jun 9 10:00:00 2013

Changed to input 3 on Sun Jun 9 10:58:36 2013

opened Videos/Worship_130608.mp4 on Mon Jun 10 22:59:45 2013

Changed to input 1 on Mon Jun 10 23:00:00 2013

played Videos/Worship_130608.mp4 on Mon Jun 10 23:00:00 2013

Changed to input 3 on Mon Jun 10 23:58:36 2013

opened Videos/Worship_130615.mp4 on Sat Jun 15 15:59:45 2013

Changed to input 1 on Sat Jun 15 16:00:00 2013

played Videos/Worship_130615.mp4 on Sat Jun 15 16:00:00 2013

Changed to input 3 on Sat Jun 15 16:58:35 2013

opened Videos/Worship_130615.mp4 on Sun Jun 16 09:59:45 2013

Changed to input 1 on Sun Jun 16 10:00:00 2013

played Videos/Worship_130615.mp4 on Sun Jun 16 10:00:00 2013

Changed to input 3 on Sun Jun 16 10:58:35 2013

opened Videos/Worship_130615.mp4 on Mon Jun 17 22:59:45 2013

Changed to input 1 on Mon Jun 17 23:00:00 2013

played Videos/Worship_130615.mp4 on Mon Jun 17 23:00:00 2013

Changed to input 3 on Mon Jun 17 23:58:35 2013

opened Videos/Worship_130622.mp4 on Sat Jun 22 15:59:45 2013

Changed to input 1 on Sat Jun 22 16:00:00 2013

played Videos/Worship_130622.mp4 on Sat Jun 22 16:00:00 2013

Changed to input 3 on Sat Jun 22 16:58:36 2013

opened Videos/Worship_130622.mp4 on Sun Jun 23 09:59:45 2013

Changed to input 1 on Sun Jun 23 10:00:00 2013

played Videos/Worship_130622.mp4 on Sun Jun 23 10:00:00 2013

Changed to input 3 on Sun Jun 23 10:58:36 2013

opened Videos/GO_391.mp4 on Mon Jun 24 15:59:45 2013

Changed to input 1 on Mon Jun 24 16:00:00 2013

played Videos/GO_391.mp4 on Mon Jun 24 16:00:00 2013

Changed to input 3 on Mon Jun 24 16:28:31 2013

opened Videos/Worship_130622.mp4 on Mon Jun 24 22:59:45 2013

Changed to input 1 on Mon Jun 24 23:00:00 2013

played Videos/Worship_130622.mp4 on Mon Jun 24 23:00:00 2013

Changed to input 3 on Mon Jun 24 23:58:36 2013

opened Videos/GO_413.mp4 on Wed Jun 26 15:59:45 2013

Changed to input 1 on Wed Jun 26 16:00:00 2013

played Videos/GO_413.mp4 on Wed Jun 26 16:00:00 2013

Changed to input 3 on Wed Jun 26 16:28:31 2013

opened Videos/Worship_130706.mp4 on Sat Jul 6 15:59:46 2013

Changed to input 1 on Sat Jul 6 16:00:00 2013

played Videos/Worship_130706.mp4 on Sat Jul 6 16:00:00 2013

Changed to input 3 on Sat Jul 6 16:58:35 2013

opened Videos/Worship_130706.mp4 on Sun Jul 7 09:59:45 2013

Changed to input 1 on Sun Jul 7 10:00:00 2013

played Videos/Worship_130706.mp4 on Sun Jul 7 10:00:00 2013

Changed to input 3 on Sun Jul 7 10:58:35 2013

opened Videos/Worship_130622.mp4 on Sat Jul 13 15:59:45 2013

Changed to input 1 on Sat Jul 13 16:00:00 2013

played Videos/Worship_130622.mp4 on Sat Jul 13 16:00:00 2013

Changed to input 3 on Sat Jul 13 16:58:53 2013

opened Videos/Worship_130622.mp4 on Sun Jul 14 09:59:45 2013

Changed to input 1 on Sun Jul 14 10:00:00 2013

played Videos/Worship_130622.mp4 on Sun Jul 14 10:00:00 2013

Changed to input 3 on Sun Jul 14 10:58:36 2013

opened Videos/Worship_130622.mp4 on Mon Jul 15 22:59:45 2013

Changed to input 1 on Mon Jul 15 23:00:00 2013

played Videos/Worship_130622.mp4 on Mon Jul 15 23:00:00 2013

Changed to input 3 on Mon Jul 15 23:58:36 2013

opened Videos/Worship_130720.mp4 on Sat Jul 20 15:59:45 2013

Changed to input 1 on Sat Jul 20 16:00:00 2013

played Videos/Worship_130720.mp4 on Sat Jul 20 16:00:00 2013

Changed to input 3 on Sat Jul 20 16:58:54 2013

opened Videos/Worship_130720.mp4 on Sun Jul 21 09:59:45 2013

Changed to input 1 on Sun Jul 21 10:00:00 2013

played Videos/Worship_130720.mp4 on Sun Jul 21 10:00:00 2013

Changed to input 3 on Sun Jul 21 10:58:38 2013

opened Videos/Worship_130720.mp4 on Mon Jul 22 22:59:45 2013

Changed to input 1 on Mon Jul 22 23:00:00 2013

played Videos/Worship_130720.mp4 on Mon Jul 22 23:00:00 2013

Changed to input 3 on Mon Jul 22 23:58:38 2013

opened Videos/Worship_130727.mp4 on Sat Jul 27 15:59:45 2013

Changed to input 1 on Sat Jul 27 16:00:00 2013

played Videos/Worship_130727.mp4 on Sat Jul 27 16:00:00 2013

Changed to input 3 on Sat Jul 27 16:58:50 2013

opened Videos/Worship_130727.mp4 on Sun Jul 28 09:59:45 2013

Changed to input 1 on Sun Jul 28 10:00:00 2013

played Videos/Worship_130727.mp4 on Sun Jul 28 10:00:00 2013

Changed to input 3 on Sun Jul 28 10:58:50 2013

opened Videos/Worship_130727.mp4 on Mon Jul 29 22:59:45 2013

Changed to input 1 on Mon Jul 29 23:00:00 2013

played Videos/Worship_130727.mp4 on Mon Jul 29 23:00:00 2013

Changed to input 3 on Mon Jul 29 23:58:50 2013

opened Videos/Worship_130803.mp4 on Sat Aug 3 15:59:45 2013

Changed to input 1 on Sat Aug 3 16:00:00 2013

played Videos/Worship_130803.mp4 on Sat Aug 3 16:00:00 2013

Changed to input 3 on Sat Aug 3 16:58:33 2013

opened Videos/Worship_130803.mp4 on Sun Aug 4 09:59:45 2013

Changed to input 1 on Sun Aug 4 10:00:00 2013

played Videos/Worship_130803.mp4 on Sun Aug 4 10:00:00 2013

Changed to input 3 on Sun Aug 4 10:58:33 2013

opened Videos/Worship_130803.mp4 on Mon Aug 5 22:59:45 2013

Changed to input 1 on Mon Aug 5 23:00:00 2013

played Videos/Worship_130803.mp4 on Mon Aug 5 23:00:00 2013

Changed to input 3 on Mon Aug 5 23:58:33 2013

opened Videos/2-6-13  - final_2.mpg on Thu Aug 22 13:52:45 2013

Changed to input 1 on Thu Aug 22 13:53:00 2013

played Videos/2-6-13  - final_2.mpg on Thu Aug 22 13:53:00 2013

Changed to input 3 on Thu Aug 22 13:55:01 2013

opened Videos/2-6-13  - final_2.mpg on Thu Aug 22 14:01:55 2013

Changed to input 1 on Thu Aug 22 14:02:10 2013

played Videos/2-6-13  - final_2.mpg on Thu Aug 22 14:02:10 2013

Changed to input 3 on Thu Aug 22 14:06:22 2013

Changed to input 3 on Fri Aug 23 07:56:13 2013

opened Videos/2-6-13  - final_2.mpg on Fri Aug 23 07:59:45 2013

Changed to input 1 on Fri Aug 23 08:00:00 2013

played Videos/2-6-13  - final_2.mpg on Fri Aug 23 08:00:00 2013

Changed to input 3 on Fri Aug 23 10:46:39 2013

Changed to input 3 on Fri Aug 23 10:47:12 2013

opened Videos/Worship_130824.mp4 on Sat Aug 24 15:59:45 2013

Changed to input 1 on Sat Aug 24 16:00:00 2013

played Videos/Worship_130824.mp4 on Sat Aug 24 16:00:00 2013

Changed to input 3 on Sat Aug 24 16:00:00 2013

opened Videos/Worship_130824.mp4 on Sun Aug 25 09:59:45 2013

Changed to input 1 on Sun Aug 25 10:00:00 2013

played Videos/Worship_130824.mp4 on Sun Aug 25 10:00:00 2013

Changed to input 3 on Sun Aug 25 10:00:00 2013

Changed to input 1 on Mon Aug 26 23:00:00 2013

Changed to input 3 on Tue Aug 27 06:51:08 2013

Changed to input 3 on Fri Aug 30 10:29:56 2013

opened Videos/Worship_130824.mp4 on Sat Aug 31 15:59:45 2013

Changed to input 1 on Sat Aug 31 16:00:00 2013

played Videos/Worship_130824.mp4 on Sat Aug 31 16:00:00 2013

Changed to input 3 on Sat Aug 31 16:58:37 2013

opened Videos/Worship_130824.mp4 on Sun Sep 1 09:59:45 2013

Changed to input 1 on Sun Sep 1 10:00:00 2013

played Videos/Worship_130824.mp4 on Sun Sep 1 10:00:00 2013

Changed to input 3 on Sun Sep 1 10:58:36 2013

opened Videos/Worship_130824.mp4 on Mon Sep 2 22:59:45 2013

Changed to input 1 on Mon Sep 2 23:00:00 2013

played Videos/Worship_130824.mp4 on Mon Sep 2 23:00:00 2013

Changed to input 3 on Mon Sep 2 23:58:36 2013

opened Videos/Worship_140920.mp4 on Sat Sep 20 15:59:45 2014

Changed to input 1 on Sat Sep 20 16:00:00 2014

played Videos/Worship_140920.mp4 on Sat Sep 20 16:00:00 2014

Changed to input 3 on Sat Sep 20 16:58:36 2014

opened Videos/Worship_140920.mp4 on Sun Sep 21 09:59:45 2014

Changed to input 1 on Sun Sep 21 10:00:00 2014

played Videos/Worship_140920.mp4 on Sun Sep 21 10:00:00 2014

Changed to input 3 on Sun Sep 21 10:58:35 2014

Changed to input 3 on Mon Sep 22 08:19:01 2014
